{"/home/andrewerk/andrewerk-xp-app/src/app.ts":{"path":"/home/andrewerk/andrewerk-xp-app/src/app.ts","statementMap":{"0":{"start":{"line":2,"column":22},"end":{"line":4,"column":1}},"1":{"start":{"line":3,"column":4},"end":{"line":3,"column":62}},"2":{"start":{"line":5,"column":0},"end":{"line":5,"column":62}},"3":{"start":{"line":6,"column":18},"end":{"line":6,"column":53}},"4":{"start":{"line":7,"column":17},"end":{"line":7,"column":56}},"5":{"start":{"line":8,"column":17},"end":{"line":8,"column":53}},"6":{"start":{"line":9,"column":0},"end":{"line":9,"column":32}},"7":{"start":{"line":10,"column":32},"end":{"line":10,"column":95}},"8":{"start":{"line":11,"column":12},"end":{"line":11,"column":36}},"9":{"start":{"line":12,"column":0},"end":{"line":12,"column":34}},"10":{"start":{"line":13,"column":0},"end":{"line":13,"column":26}},"11":{"start":{"line":14,"column":0},"end":{"line":14,"column":41}},"12":{"start":{"line":15,"column":0},"end":{"line":15,"column":24}},"13":{"start":{"line":16,"column":13},"end":{"line":16,"column":37}},"14":{"start":{"line":17,"column":0},"end":{"line":20,"column":3}},"15":{"start":{"line":19,"column":4},"end":{"line":19,"column":45}},"16":{"start":{"line":21,"column":0},"end":{"line":21,"column":22}}},"fnMap":{"0":{"name":"(anonymous_0)","decl":{"start":{"line":2,"column":56},"end":{"line":2,"column":57}},"loc":{"start":{"line":2,"column":71},"end":{"line":4,"column":1}},"line":2},"1":{"name":"(anonymous_1)","decl":{"start":{"line":17,"column":17},"end":{"line":17,"column":18}},"loc":{"start":{"line":17,"column":23},"end":{"line":20,"column":1}},"line":17}},"branchMap":{"0":{"loc":{"start":{"line":2,"column":22},"end":{"line":4,"column":1}},"type":"binary-expr","locations":[{"start":{"line":2,"column":23},"end":{"line":2,"column":27}},{"start":{"line":2,"column":31},"end":{"line":2,"column":51}},{"start":{"line":2,"column":56},"end":{"line":4,"column":1}}],"line":2},"1":{"loc":{"start":{"line":3,"column":11},"end":{"line":3,"column":61}},"type":"cond-expr","locations":[{"start":{"line":3,"column":37},"end":{"line":3,"column":40}},{"start":{"line":3,"column":43},"end":{"line":3,"column":61}}],"line":3},"2":{"loc":{"start":{"line":3,"column":12},"end":{"line":3,"column":33}},"type":"binary-expr","locations":[{"start":{"line":3,"column":12},"end":{"line":3,"column":15}},{"start":{"line":3,"column":19},"end":{"line":3,"column":33}}],"line":3},"3":{"loc":{"start":{"line":16,"column":13},"end":{"line":16,"column":37}},"type":"binary-expr","locations":[{"start":{"line":16,"column":13},"end":{"line":16,"column":29}},{"start":{"line":16,"column":33},"end":{"line":16,"column":37}}],"line":16}},"s":{"0":1,"1":4,"2":1,"3":1,"4":1,"5":1,"6":1,"7":1,"8":1,"9":1,"10":1,"11":1,"12":1,"13":1,"14":1,"15":1,"16":1},"f":{"0":4,"1":1},"b":{"0":[1,1,1],"1":[3,1],"2":[4,4],"3":[1,1]},"inputSourceMap":{"version":3,"file":"/home/andrewerk/andrewerk-xp-app/src/app.ts","sources":["/home/andrewerk/andrewerk-xp-app/src/app.ts"],"names":[],"mappings":";;;;;AAAA,sDAA8B;AAC9B,yDAAqC;AACrC,sDAA8B;AAC9B,gCAA8B;AAC9B,gGAAsE;AAEtE,MAAM,GAAG,GAAG,IAAA,iBAAO,GAAE,CAAC;AAEtB,GAAG,CAAC,GAAG,CAAC,iBAAO,CAAC,IAAI,EAAE,CAAC,CAAC;AAExB,GAAG,CAAC,GAAG,CAAC,gBAAM,CAAC,CAAC;AAEhB,GAAG,CAAC,GAAG,CAAC,+BAAmB,CAAC,CAAC;AAE7B,gBAAU,CAAC,IAAI,EAAE,CAAC;AAElB,MAAM,IAAI,GAAG,OAAO,CAAC,GAAG,CAAC,IAAI,IAAI,IAAI,CAAC;AACtC,GAAG,CAAC,MAAM,CAAC,IAAI,EAAE,GAAG,EAAE;IACpB,sCAAsC;IACtC,OAAO,CAAC,GAAG,CAAC,qBAAqB,IAAI,EAAE,CAAC,CAAC;AAC3C,CAAC,CAAC,CAAC;AAEH,kBAAe,GAAG,CAAC","sourcesContent":["import express from 'express';\nimport connection from './db/config';\nimport routes from './routes';\nimport 'express-async-errors';\nimport httpErrorMiddleware from './middlewares/http.error.middleware';\n\nconst app = express();\n\napp.use(express.json());\n\napp.use(routes);\n\napp.use(httpErrorMiddleware);\n\nconnection.sync();\n\nconst port = process.env.PORT || 3000;\napp.listen(port, () => {\n  // eslint-disable-next-line no-console\n  console.log(`Listening to port ${port}`);\n});\n\nexport default app;\n"]},"_coverageSchema":"1a1c01bbd47fc00a2c39e90264f33305004495a9","hash":"28d9fda86226a2b1c405efece0853fb787d1c945"},"/home/andrewerk/andrewerk-xp-app/src/db/config.ts":{"path":"/home/andrewerk/andrewerk-xp-app/src/db/config.ts","statementMap":{"0":{"start":{"line":2,"column":22},"end":{"line":4,"column":1}},"1":{"start":{"line":3,"column":4},"end":{"line":3,"column":62}},"2":{"start":{"line":5,"column":0},"end":{"line":5,"column":62}},"3":{"start":{"line":6,"column":31},"end":{"line":6,"column":62}},"4":{"start":{"line":7,"column":20},"end":{"line":7,"column":67}},"5":{"start":{"line":8,"column":21},"end":{"line":8,"column":69}},"6":{"start":{"line":9,"column":21},"end":{"line":9,"column":69}},"7":{"start":{"line":10,"column":36},"end":{"line":10,"column":99}},"8":{"start":{"line":11,"column":19},"end":{"line":19,"column":2}},"9":{"start":{"line":20,"column":0},"end":{"line":20,"column":59}},"10":{"start":{"line":21,"column":0},"end":{"line":21,"column":29}}},"fnMap":{"0":{"name":"(anonymous_0)","decl":{"start":{"line":2,"column":56},"end":{"line":2,"column":57}},"loc":{"start":{"line":2,"column":71},"end":{"line":4,"column":1}},"line":2}},"branchMap":{"0":{"loc":{"start":{"line":2,"column":22},"end":{"line":4,"column":1}},"type":"binary-expr","locations":[{"start":{"line":2,"column":23},"end":{"line":2,"column":27}},{"start":{"line":2,"column":31},"end":{"line":2,"column":51}},{"start":{"line":2,"column":56},"end":{"line":4,"column":1}}],"line":2},"1":{"loc":{"start":{"line":3,"column":11},"end":{"line":3,"column":61}},"type":"cond-expr","locations":[{"start":{"line":3,"column":37},"end":{"line":3,"column":40}},{"start":{"line":3,"column":43},"end":{"line":3,"column":61}}],"line":3},"2":{"loc":{"start":{"line":3,"column":12},"end":{"line":3,"column":33}},"type":"binary-expr","locations":[{"start":{"line":3,"column":12},"end":{"line":3,"column":15}},{"start":{"line":3,"column":19},"end":{"line":3,"column":33}}],"line":3}},"s":{"0":1,"1":4,"2":1,"3":1,"4":1,"5":1,"6":1,"7":1,"8":1,"9":1,"10":1},"f":{"0":4},"b":{"0":[1,1,1],"1":[4,0],"2":[4,4]},"inputSourceMap":{"version":3,"file":"/home/andrewerk/andrewerk-xp-app/src/db/config.ts","sources":["/home/andrewerk/andrewerk-xp-app/src/db/config.ts"],"names":[],"mappings":";;;;;AAAA,+DAAiD;AACjD,oEAA4C;AAC5C,sEAA8C;AAC9C,sEAA8C;AAC9C,oGAA6E;AAE7E,MAAM,UAAU,GAAG,IAAI,gCAAS,CAAC;IAC/B,OAAO,EAAE,OAAO;IAChB,IAAI,EAAE,WAAW;IACjB,QAAQ,EAAE,MAAM;IAChB,QAAQ,EAAE,eAAe;IACzB,QAAQ,EAAE,UAAU;IACpB,OAAO,EAAE,KAAK;IACd,MAAM,EAAE,CAAC,mBAAS,EAAE,oBAAU,EAAE,oBAAU,EAAE,mCAA0B,CAAC;CACxE,CAAC,CAAC;AAEH,UAAU,CAAC,KAAK,CAAC,wCAAwC,CAAC,CAAC;AAE3D,kBAAe,UAAU,CAAC","sourcesContent":["import { Sequelize } from 'sequelize-typescript';\nimport UserModel from '../models/UserModel';\nimport TradeModel from '../models/TradeModel';\nimport StockModel from '../models/StockModel';\nimport InvestmentsPortfoliotModel from '../models/InvestmentsPortfolioModel';\n\nconst connection = new Sequelize({\n  dialect: 'mysql',\n  host: 'localhost',\n  username: 'root',\n  password: 'mynewpassword',\n  database: 'StockApp',\n  logging: false,\n  models: [UserModel, TradeModel, StockModel, InvestmentsPortfoliotModel],\n});\n\nconnection.query('CREATE DATABASE IF NOT EXISTS StockApp');\n\nexport default connection;\n"]},"_coverageSchema":"1a1c01bbd47fc00a2c39e90264f33305004495a9","hash":"4b4ea9b6d19d0241eec687fbf3f876289ef6e517"},"/home/andrewerk/andrewerk-xp-app/src/models/UserModel.ts":{"path":"/home/andrewerk/andrewerk-xp-app/src/models/UserModel.ts","statementMap":{"0":{"start":{"line":2,"column":17},"end":{"line":7,"column":1}},"1":{"start":{"line":3,"column":12},"end":{"line":3,"column":28}},"2":{"start":{"line":3,"column":34},"end":{"line":3,"column":125}},"3":{"start":{"line":4,"column":4},"end":{"line":5,"column":150}},"4":{"start":{"line":4,"column":79},"end":{"line":4,"column":131}},"5":{"start":{"line":5,"column":9},"end":{"line":5,"column":150}},"6":{"start":{"line":5,"column":22},"end":{"line":5,"column":43}},"7":{"start":{"line":5,"column":58},"end":{"line":5,"column":150}},"8":{"start":{"line":5,"column":81},"end":{"line":5,"column":150}},"9":{"start":{"line":6,"column":4},"end":{"line":6,"column":66}},"10":{"start":{"line":8,"column":17},"end":{"line":10,"column":1}},"11":{"start":{"line":9,"column":4},"end":{"line":9,"column":109}},"12":{"start":{"line":9,"column":79},"end":{"line":9,"column":109}},"13":{"start":{"line":11,"column":16},"end":{"line":19,"column":1}},"14":{"start":{"line":12,"column":28},"end":{"line":12,"column":110}},"15":{"start":{"line":12,"column":91},"end":{"line":12,"column":106}},"16":{"start":{"line":13,"column":4},"end":{"line":18,"column":7}},"17":{"start":{"line":14,"column":36},"end":{"line":14,"column":97}},"18":{"start":{"line":14,"column":42},"end":{"line":14,"column":70}},"19":{"start":{"line":14,"column":85},"end":{"line":14,"column":95}},"20":{"start":{"line":15,"column":35},"end":{"line":15,"column":100}},"21":{"start":{"line":15,"column":41},"end":{"line":15,"column":73}},"22":{"start":{"line":15,"column":88},"end":{"line":15,"column":98}},"23":{"start":{"line":16,"column":32},"end":{"line":16,"column":116}},"24":{"start":{"line":17,"column":8},"end":{"line":17,"column":78}},"25":{"start":{"line":20,"column":22},"end":{"line":22,"column":1}},"26":{"start":{"line":21,"column":4},"end":{"line":21,"column":62}},"27":{"start":{"line":23,"column":0},"end":{"line":23,"column":62}},"28":{"start":{"line":25,"column":31},"end":{"line":25,"column":62}},"29":{"start":{"line":26,"column":17},"end":{"line":26,"column":51}},"30":{"start":{"line":27,"column":36},"end":{"line":27,"column":91}},"31":{"start":{"line":28,"column":16},"end":{"line":36,"column":1}},"32":{"start":{"line":30,"column":8},"end":{"line":34,"column":11}},"33":{"start":{"line":31,"column":25},"end":{"line":31,"column":57}},"34":{"start":{"line":33,"column":12},"end":{"line":33,"column":83}},"35":{"start":{"line":37,"column":0},"end":{"line":43,"column":44}},"36":{"start":{"line":44,"column":0},"end":{"line":51,"column":41}},"37":{"start":{"line":52,"column":0},"end":{"line":58,"column":44}},"38":{"start":{"line":59,"column":0},"end":{"line":66,"column":43}},"39":{"start":{"line":67,"column":0},"end":{"line":70,"column":46}},"40":{"start":{"line":68,"column":46},"end":{"line":68,"column":81}},"41":{"start":{"line":71,"column":0},"end":{"line":76,"column":39}},"42":{"start":{"line":77,"column":0},"end":{"line":82,"column":14}},"43":{"start":{"line":83,"column":0},"end":{"line":83,"column":28}}},"fnMap":{"0":{"name":"(anonymous_0)","decl":{"start":{"line":2,"column":46},"end":{"line":2,"column":47}},"loc":{"start":{"line":2,"column":87},"end":{"line":7,"column":1}},"line":2},"1":{"name":"(anonymous_1)","decl":{"start":{"line":8,"column":46},"end":{"line":8,"column":47}},"loc":{"start":{"line":8,"column":62},"end":{"line":10,"column":1}},"line":8},"2":{"name":"(anonymous_2)","decl":{"start":{"line":11,"column":44},"end":{"line":11,"column":45}},"loc":{"start":{"line":11,"column":89},"end":{"line":19,"column":1}},"line":11},"3":{"name":"adopt","decl":{"start":{"line":12,"column":13},"end":{"line":12,"column":18}},"loc":{"start":{"line":12,"column":26},"end":{"line":12,"column":112}},"line":12},"4":{"name":"(anonymous_4)","decl":{"start":{"line":12,"column":70},"end":{"line":12,"column":71}},"loc":{"start":{"line":12,"column":89},"end":{"line":12,"column":108}},"line":12},"5":{"name":"(anonymous_5)","decl":{"start":{"line":13,"column":36},"end":{"line":13,"column":37}},"loc":{"start":{"line":13,"column":63},"end":{"line":18,"column":5}},"line":13},"6":{"name":"fulfilled","decl":{"start":{"line":14,"column":17},"end":{"line":14,"column":26}},"loc":{"start":{"line":14,"column":34},"end":{"line":14,"column":99}},"line":14},"7":{"name":"rejected","decl":{"start":{"line":15,"column":17},"end":{"line":15,"column":25}},"loc":{"start":{"line":15,"column":33},"end":{"line":15,"column":102}},"line":15},"8":{"name":"step","decl":{"start":{"line":16,"column":17},"end":{"line":16,"column":21}},"loc":{"start":{"line":16,"column":30},"end":{"line":16,"column":118}},"line":16},"9":{"name":"(anonymous_9)","decl":{"start":{"line":20,"column":56},"end":{"line":20,"column":57}},"loc":{"start":{"line":20,"column":71},"end":{"line":22,"column":1}},"line":20},"10":{"name":"(anonymous_10)","decl":{"start":{"line":29,"column":4},"end":{"line":29,"column":5}},"loc":{"start":{"line":29,"column":37},"end":{"line":35,"column":5}},"line":29},"11":{"name":"(anonymous_11)","decl":{"start":{"line":30,"column":47},"end":{"line":30,"column":48}},"loc":{"start":{"line":30,"column":60},"end":{"line":34,"column":9}},"line":30},"12":{"name":"(anonymous_12)","decl":{"start":{"line":68,"column":40},"end":{"line":68,"column":41}},"loc":{"start":{"line":68,"column":46},"end":{"line":68,"column":81}},"line":68}},"branchMap":{"0":{"loc":{"start":{"line":2,"column":17},"end":{"line":7,"column":1}},"type":"binary-expr","locations":[{"start":{"line":2,"column":18},"end":{"line":2,"column":22}},{"start":{"line":2,"column":26},"end":{"line":2,"column":41}},{"start":{"line":2,"column":46},"end":{"line":7,"column":1}}],"line":2},"1":{"loc":{"start":{"line":3,"column":34},"end":{"line":3,"column":125}},"type":"cond-expr","locations":[{"start":{"line":3,"column":42},"end":{"line":3,"column":48}},{"start":{"line":3,"column":51},"end":{"line":3,"column":125}}],"line":3},"2":{"loc":{"start":{"line":3,"column":51},"end":{"line":3,"column":125}},"type":"cond-expr","locations":[{"start":{"line":3,"column":67},"end":{"line":3,"column":118}},{"start":{"line":3,"column":121},"end":{"line":3,"column":125}}],"line":3},"3":{"loc":{"start":{"line":4,"column":4},"end":{"line":5,"column":150}},"type":"if","locations":[{"start":{"line":4,"column":4},"end":{"line":5,"column":150}},{"start":{"line":4,"column":4},"end":{"line":5,"column":150}}],"line":4},"4":{"loc":{"start":{"line":4,"column":8},"end":{"line":4,"column":77}},"type":"binary-expr","locations":[{"start":{"line":4,"column":8},"end":{"line":4,"column":35}},{"start":{"line":4,"column":39},"end":{"line":4,"column":77}}],"line":4},"5":{"loc":{"start":{"line":5,"column":58},"end":{"line":5,"column":150}},"type":"if","locations":[{"start":{"line":5,"column":58},"end":{"line":5,"column":150}},{"start":{"line":5,"column":58},"end":{"line":5,"column":150}}],"line":5},"6":{"loc":{"start":{"line":5,"column":85},"end":{"line":5,"column":149}},"type":"binary-expr","locations":[{"start":{"line":5,"column":86},"end":{"line":5,"column":143}},{"start":{"line":5,"column":148},"end":{"line":5,"column":149}}],"line":5},"7":{"loc":{"start":{"line":5,"column":86},"end":{"line":5,"column":143}},"type":"cond-expr","locations":[{"start":{"line":5,"column":94},"end":{"line":5,"column":98}},{"start":{"line":5,"column":101},"end":{"line":5,"column":143}}],"line":5},"8":{"loc":{"start":{"line":5,"column":101},"end":{"line":5,"column":143}},"type":"cond-expr","locations":[{"start":{"line":5,"column":109},"end":{"line":5,"column":126}},{"start":{"line":5,"column":129},"end":{"line":5,"column":143}}],"line":5},"9":{"loc":{"start":{"line":6,"column":11},"end":{"line":6,"column":62}},"type":"binary-expr","locations":[{"start":{"line":6,"column":11},"end":{"line":6,"column":16}},{"start":{"line":6,"column":20},"end":{"line":6,"column":21}},{"start":{"line":6,"column":25},"end":{"line":6,"column":62}}],"line":6},"10":{"loc":{"start":{"line":8,"column":17},"end":{"line":10,"column":1}},"type":"binary-expr","locations":[{"start":{"line":8,"column":18},"end":{"line":8,"column":22}},{"start":{"line":8,"column":26},"end":{"line":8,"column":41}},{"start":{"line":8,"column":46},"end":{"line":10,"column":1}}],"line":8},"11":{"loc":{"start":{"line":9,"column":4},"end":{"line":9,"column":109}},"type":"if","locations":[{"start":{"line":9,"column":4},"end":{"line":9,"column":109}},{"start":{"line":9,"column":4},"end":{"line":9,"column":109}}],"line":9},"12":{"loc":{"start":{"line":9,"column":8},"end":{"line":9,"column":77}},"type":"binary-expr","locations":[{"start":{"line":9,"column":8},"end":{"line":9,"column":35}},{"start":{"line":9,"column":39},"end":{"line":9,"column":77}}],"line":9},"13":{"loc":{"start":{"line":11,"column":16},"end":{"line":19,"column":1}},"type":"binary-expr","locations":[{"start":{"line":11,"column":17},"end":{"line":11,"column":21}},{"start":{"line":11,"column":25},"end":{"line":11,"column":39}},{"start":{"line":11,"column":44},"end":{"line":19,"column":1}}],"line":11},"14":{"loc":{"start":{"line":12,"column":35},"end":{"line":12,"column":109}},"type":"cond-expr","locations":[{"start":{"line":12,"column":56},"end":{"line":12,"column":61}},{"start":{"line":12,"column":64},"end":{"line":12,"column":109}}],"line":12},"15":{"loc":{"start":{"line":13,"column":16},"end":{"line":13,"column":34}},"type":"binary-expr","locations":[{"start":{"line":13,"column":16},"end":{"line":13,"column":17}},{"start":{"line":13,"column":22},"end":{"line":13,"column":33}}],"line":13},"16":{"loc":{"start":{"line":16,"column":32},"end":{"line":16,"column":115}},"type":"cond-expr","locations":[{"start":{"line":16,"column":46},"end":{"line":16,"column":67}},{"start":{"line":16,"column":70},"end":{"line":16,"column":115}}],"line":16},"17":{"loc":{"start":{"line":17,"column":51},"end":{"line":17,"column":67}},"type":"binary-expr","locations":[{"start":{"line":17,"column":51},"end":{"line":17,"column":61}},{"start":{"line":17,"column":65},"end":{"line":17,"column":67}}],"line":17},"18":{"loc":{"start":{"line":20,"column":22},"end":{"line":22,"column":1}},"type":"binary-expr","locations":[{"start":{"line":20,"column":23},"end":{"line":20,"column":27}},{"start":{"line":20,"column":31},"end":{"line":20,"column":51}},{"start":{"line":20,"column":56},"end":{"line":22,"column":1}}],"line":20},"19":{"loc":{"start":{"line":21,"column":11},"end":{"line":21,"column":61}},"type":"cond-expr","locations":[{"start":{"line":21,"column":37},"end":{"line":21,"column":40}},{"start":{"line":21,"column":43},"end":{"line":21,"column":61}}],"line":21},"20":{"loc":{"start":{"line":21,"column":12},"end":{"line":21,"column":33}},"type":"binary-expr","locations":[{"start":{"line":21,"column":12},"end":{"line":21,"column":15}},{"start":{"line":21,"column":19},"end":{"line":21,"column":33}}],"line":21}},"s":{"0":1,"1":7,"2":7,"3":7,"4":7,"5":0,"6":0,"7":0,"8":0,"9":7,"10":1,"11":8,"12":8,"13":1,"14":0,"15":0,"16":0,"17":0,"18":0,"19":0,"20":0,"21":0,"22":0,"23":0,"24":0,"25":1,"26":2,"27":1,"28":1,"29":1,"30":1,"31":1,"32":0,"33":0,"34":0,"35":1,"36":1,"37":1,"38":1,"39":1,"40":2,"41":1,"42":1,"43":1},"f":{"0":7,"1":8,"2":0,"3":0,"4":0,"5":0,"6":0,"7":0,"8":0,"9":2,"10":0,"11":0,"12":2},"b":{"0":[1,1,1],"1":[1,6],"2":[1,5],"3":[7,0],"4":[7,7],"5":[0,0],"6":[0,0],"7":[0,0],"8":[0,0],"9":[7,6,1],"10":[1,1,1],"11":[8,0],"12":[8,8],"13":[1,1,1],"14":[0,0],"15":[0,0],"16":[0,0],"17":[0,0],"18":[1,1,1],"19":[1,1],"20":[2,2]},"inputSourceMap":{"version":3,"file":"/home/andrewerk/andrewerk-xp-app/src/models/UserModel.ts","sources":["/home/andrewerk/andrewerk-xp-app/src/models/UserModel.ts"],"names":[],"mappings":";;;;;;;;;;;;;;;;;;;;;;;AAAA,oCAAoC;AACpC,+DAE8B;AAC9B,oDAA4B;AAE5B,4FAAqE;AAMrE,IAAqB,SAAS,GAA9B,MAAqB,SAAU,SAAQ,4BAAY;IA+BjD,MAAM,CAAO,eAAe,CAAC,QAAmB;;YAC9C,MAAM,IAAI,GAAG,gBAAM,CAAC,WAAW,CAAC,EAAE,CAAC,CAAC;YACpC,6CAA6C;YAC7C,QAAQ,CAAC,QAAQ,GAAG,gBAAM,CAAC,QAAQ,CAAC,QAAQ,CAAC,QAAQ,EAAE,IAAI,CAAC,CAAC;QAC/D,CAAC;KAAA;CACF,CAAA;AA/BG;IAJD,IAAA,6BAAM,EAAC;QACN,IAAI,EAAE,+BAAQ,CAAC,MAAM;QACrB,SAAS,EAAE,KAAK;KACjB,CAAC;;2CACkB;AAOlB;IALD,IAAA,6BAAM,EAAC;QACN,IAAI,EAAE,+BAAQ,CAAC,MAAM;QACrB,SAAS,EAAE,KAAK;QAChB,MAAM,EAAE,IAAI;KACb,CAAC;;wCACe;AAMf;IAJD,IAAA,6BAAM,EAAC;QACN,IAAI,EAAE,+BAAQ,CAAC,MAAM;QACrB,SAAS,EAAE,KAAK;KACjB,CAAC;;2CACkB;AAOlB;IALD,IAAA,6BAAM,EAAC;QACN,IAAI,EAAE,+BAAQ,CAAC,KAAK;QACpB,SAAS,EAAE,KAAK;QAChB,YAAY,EAAE,CAAC;KAChB,CAAC;;0CACiB;AAGjB;IADD,IAAA,8BAAO,EAAC,GAAG,EAAE,CAAC,mCAA0B,CAAC;;6CACE;AAG5C;IADC,mCAAY;;qCAC0B,SAAS;;sCAI/C;AAnCkB,SAAS;IAJ7B,IAAA,4BAAK,EAAC;QACL,UAAU,EAAE,KAAK;QACjB,SAAS,EAAE,OAAO;KACnB,CAAC;GACmB,SAAS,CAoC7B;kBApCoB,SAAS","sourcesContent":["/* eslint-disable import/no-cycle */\nimport {\n  Table, Model, Column, DataType, BeforeCreate, HasMany,\n} from 'sequelize-typescript';\nimport bcrypt from 'bcrypt';\nimport { IUser } from '../interfaces/User';\nimport InvestmentsPortfoliotModel from './InvestmentsPortfolioModel';\n\n@Table({\n  timestamps: false,\n  tableName: 'Users',\n})\nexport default class UserModel extends Model<IUser> {\n  @Column({\n    type: DataType.STRING,\n    allowNull: false,\n  })\n    fullName!: string;\n\n  @Column({\n    type: DataType.STRING,\n    allowNull: false,\n    unique: true,\n  })\n    email!: string;\n\n  @Column({\n    type: DataType.STRING,\n    allowNull: false,\n  })\n    password!: string;\n\n  @Column({\n    type: DataType.FLOAT,\n    allowNull: false,\n    defaultValue: 0,\n  })\n    balance!: number;\n\n  @HasMany(() => InvestmentsPortfoliotModel)\n    portfolios!: InvestmentsPortfoliotModel[];\n\n  @BeforeCreate\n  static async encryptPassword(instance: UserModel) {\n    const salt = bcrypt.genSaltSync(10);\n    // eslint-disable-next-line no-param-reassign\n    instance.password = bcrypt.hashSync(instance.password, salt);\n  }\n}\n"]},"_coverageSchema":"1a1c01bbd47fc00a2c39e90264f33305004495a9","hash":"ccd8c5e7b6f10e1ee3affef3f2c9a5c4104a4eb1"},"/home/andrewerk/andrewerk-xp-app/src/models/InvestmentsPortfolioModel.ts":{"path":"/home/andrewerk/andrewerk-xp-app/src/models/InvestmentsPortfolioModel.ts","statementMap":{"0":{"start":{"line":2,"column":17},"end":{"line":7,"column":1}},"1":{"start":{"line":3,"column":12},"end":{"line":3,"column":28}},"2":{"start":{"line":3,"column":34},"end":{"line":3,"column":125}},"3":{"start":{"line":4,"column":4},"end":{"line":5,"column":150}},"4":{"start":{"line":4,"column":79},"end":{"line":4,"column":131}},"5":{"start":{"line":5,"column":9},"end":{"line":5,"column":150}},"6":{"start":{"line":5,"column":22},"end":{"line":5,"column":43}},"7":{"start":{"line":5,"column":58},"end":{"line":5,"column":150}},"8":{"start":{"line":5,"column":81},"end":{"line":5,"column":150}},"9":{"start":{"line":6,"column":4},"end":{"line":6,"column":66}},"10":{"start":{"line":8,"column":17},"end":{"line":10,"column":1}},"11":{"start":{"line":9,"column":4},"end":{"line":9,"column":109}},"12":{"start":{"line":9,"column":79},"end":{"line":9,"column":109}},"13":{"start":{"line":11,"column":22},"end":{"line":13,"column":1}},"14":{"start":{"line":12,"column":4},"end":{"line":12,"column":62}},"15":{"start":{"line":14,"column":0},"end":{"line":14,"column":62}},"16":{"start":{"line":16,"column":31},"end":{"line":16,"column":62}},"17":{"start":{"line":17,"column":21},"end":{"line":17,"column":61}},"18":{"start":{"line":18,"column":20},"end":{"line":18,"column":59}},"19":{"start":{"line":20,"column":21},"end":{"line":20,"column":61}},"20":{"start":{"line":21,"column":33},"end":{"line":22,"column":1}},"21":{"start":{"line":23,"column":0},"end":{"line":30,"column":59}},"22":{"start":{"line":24,"column":49},"end":{"line":24,"column":68}},"23":{"start":{"line":31,"column":0},"end":{"line":34,"column":57}},"24":{"start":{"line":32,"column":48},"end":{"line":32,"column":67}},"25":{"start":{"line":35,"column":0},"end":{"line":42,"column":64}},"26":{"start":{"line":36,"column":49},"end":{"line":36,"column":69}},"27":{"start":{"line":43,"column":0},"end":{"line":46,"column":58}},"28":{"start":{"line":44,"column":48},"end":{"line":44,"column":68}},"29":{"start":{"line":47,"column":0},"end":{"line":53,"column":61}},"30":{"start":{"line":54,"column":0},"end":{"line":57,"column":59}},"31":{"start":{"line":55,"column":46},"end":{"line":55,"column":66}},"32":{"start":{"line":58,"column":0},"end":{"line":68,"column":31}},"33":{"start":{"line":59,"column":46},"end":{"line":63,"column":5}},"34":{"start":{"line":69,"column":0},"end":{"line":69,"column":45}}},"fnMap":{"0":{"name":"(anonymous_0)","decl":{"start":{"line":2,"column":46},"end":{"line":2,"column":47}},"loc":{"start":{"line":2,"column":87},"end":{"line":7,"column":1}},"line":2},"1":{"name":"(anonymous_1)","decl":{"start":{"line":8,"column":46},"end":{"line":8,"column":47}},"loc":{"start":{"line":8,"column":62},"end":{"line":10,"column":1}},"line":8},"2":{"name":"(anonymous_2)","decl":{"start":{"line":11,"column":56},"end":{"line":11,"column":57}},"loc":{"start":{"line":11,"column":71},"end":{"line":13,"column":1}},"line":11},"3":{"name":"(anonymous_3)","decl":{"start":{"line":24,"column":43},"end":{"line":24,"column":44}},"loc":{"start":{"line":24,"column":49},"end":{"line":24,"column":68}},"line":24},"4":{"name":"(anonymous_4)","decl":{"start":{"line":32,"column":42},"end":{"line":32,"column":43}},"loc":{"start":{"line":32,"column":48},"end":{"line":32,"column":67}},"line":32},"5":{"name":"(anonymous_5)","decl":{"start":{"line":36,"column":43},"end":{"line":36,"column":44}},"loc":{"start":{"line":36,"column":49},"end":{"line":36,"column":69}},"line":36},"6":{"name":"(anonymous_6)","decl":{"start":{"line":44,"column":42},"end":{"line":44,"column":43}},"loc":{"start":{"line":44,"column":48},"end":{"line":44,"column":68}},"line":44},"7":{"name":"(anonymous_7)","decl":{"start":{"line":55,"column":40},"end":{"line":55,"column":41}},"loc":{"start":{"line":55,"column":46},"end":{"line":55,"column":66}},"line":55},"8":{"name":"(anonymous_8)","decl":{"start":{"line":59,"column":39},"end":{"line":59,"column":40}},"loc":{"start":{"line":59,"column":46},"end":{"line":63,"column":5}},"line":59}},"branchMap":{"0":{"loc":{"start":{"line":2,"column":17},"end":{"line":7,"column":1}},"type":"binary-expr","locations":[{"start":{"line":2,"column":18},"end":{"line":2,"column":22}},{"start":{"line":2,"column":26},"end":{"line":2,"column":41}},{"start":{"line":2,"column":46},"end":{"line":7,"column":1}}],"line":2},"1":{"loc":{"start":{"line":3,"column":34},"end":{"line":3,"column":125}},"type":"cond-expr","locations":[{"start":{"line":3,"column":42},"end":{"line":3,"column":48}},{"start":{"line":3,"column":51},"end":{"line":3,"column":125}}],"line":3},"2":{"loc":{"start":{"line":3,"column":51},"end":{"line":3,"column":125}},"type":"cond-expr","locations":[{"start":{"line":3,"column":67},"end":{"line":3,"column":118}},{"start":{"line":3,"column":121},"end":{"line":3,"column":125}}],"line":3},"3":{"loc":{"start":{"line":4,"column":4},"end":{"line":5,"column":150}},"type":"if","locations":[{"start":{"line":4,"column":4},"end":{"line":5,"column":150}},{"start":{"line":4,"column":4},"end":{"line":5,"column":150}}],"line":4},"4":{"loc":{"start":{"line":4,"column":8},"end":{"line":4,"column":77}},"type":"binary-expr","locations":[{"start":{"line":4,"column":8},"end":{"line":4,"column":35}},{"start":{"line":4,"column":39},"end":{"line":4,"column":77}}],"line":4},"5":{"loc":{"start":{"line":5,"column":58},"end":{"line":5,"column":150}},"type":"if","locations":[{"start":{"line":5,"column":58},"end":{"line":5,"column":150}},{"start":{"line":5,"column":58},"end":{"line":5,"column":150}}],"line":5},"6":{"loc":{"start":{"line":5,"column":85},"end":{"line":5,"column":149}},"type":"binary-expr","locations":[{"start":{"line":5,"column":86},"end":{"line":5,"column":143}},{"start":{"line":5,"column":148},"end":{"line":5,"column":149}}],"line":5},"7":{"loc":{"start":{"line":5,"column":86},"end":{"line":5,"column":143}},"type":"cond-expr","locations":[{"start":{"line":5,"column":94},"end":{"line":5,"column":98}},{"start":{"line":5,"column":101},"end":{"line":5,"column":143}}],"line":5},"8":{"loc":{"start":{"line":5,"column":101},"end":{"line":5,"column":143}},"type":"cond-expr","locations":[{"start":{"line":5,"column":109},"end":{"line":5,"column":126}},{"start":{"line":5,"column":129},"end":{"line":5,"column":143}}],"line":5},"9":{"loc":{"start":{"line":6,"column":11},"end":{"line":6,"column":62}},"type":"binary-expr","locations":[{"start":{"line":6,"column":11},"end":{"line":6,"column":16}},{"start":{"line":6,"column":20},"end":{"line":6,"column":21}},{"start":{"line":6,"column":25},"end":{"line":6,"column":62}}],"line":6},"10":{"loc":{"start":{"line":8,"column":17},"end":{"line":10,"column":1}},"type":"binary-expr","locations":[{"start":{"line":8,"column":18},"end":{"line":8,"column":22}},{"start":{"line":8,"column":26},"end":{"line":8,"column":41}},{"start":{"line":8,"column":46},"end":{"line":10,"column":1}}],"line":8},"11":{"loc":{"start":{"line":9,"column":4},"end":{"line":9,"column":109}},"type":"if","locations":[{"start":{"line":9,"column":4},"end":{"line":9,"column":109}},{"start":{"line":9,"column":4},"end":{"line":9,"column":109}}],"line":9},"12":{"loc":{"start":{"line":9,"column":8},"end":{"line":9,"column":77}},"type":"binary-expr","locations":[{"start":{"line":9,"column":8},"end":{"line":9,"column":35}},{"start":{"line":9,"column":39},"end":{"line":9,"column":77}}],"line":9},"13":{"loc":{"start":{"line":11,"column":22},"end":{"line":13,"column":1}},"type":"binary-expr","locations":[{"start":{"line":11,"column":23},"end":{"line":11,"column":27}},{"start":{"line":11,"column":31},"end":{"line":11,"column":51}},{"start":{"line":11,"column":56},"end":{"line":13,"column":1}}],"line":11},"14":{"loc":{"start":{"line":12,"column":11},"end":{"line":12,"column":61}},"type":"cond-expr","locations":[{"start":{"line":12,"column":37},"end":{"line":12,"column":40}},{"start":{"line":12,"column":43},"end":{"line":12,"column":61}}],"line":12},"15":{"loc":{"start":{"line":12,"column":12},"end":{"line":12,"column":33}},"type":"binary-expr","locations":[{"start":{"line":12,"column":12},"end":{"line":12,"column":15}},{"start":{"line":12,"column":19},"end":{"line":12,"column":33}}],"line":12}},"s":{"0":1,"1":7,"2":7,"3":7,"4":7,"5":0,"6":0,"7":0,"8":0,"9":7,"10":1,"11":6,"12":6,"13":1,"14":3,"15":1,"16":1,"17":1,"18":1,"19":1,"20":1,"21":1,"22":6,"23":1,"24":3,"25":1,"26":2,"27":1,"28":3,"29":1,"30":1,"31":3,"32":1,"33":1,"34":1},"f":{"0":7,"1":6,"2":3,"3":6,"4":3,"5":2,"6":3,"7":3,"8":1},"b":{"0":[1,1,1],"1":[1,6],"2":[0,6],"3":[7,0],"4":[7,7],"5":[0,0],"6":[0,0],"7":[0,0],"8":[0,0],"9":[7,6,0],"10":[1,1,1],"11":[6,0],"12":[6,6],"13":[1,1,1],"14":[3,0],"15":[3,3]},"inputSourceMap":{"version":3,"file":"/home/andrewerk/andrewerk-xp-app/src/models/InvestmentsPortfolioModel.ts","sources":["/home/andrewerk/andrewerk-xp-app/src/models/InvestmentsPortfolioModel.ts"],"names":[],"mappings":";;;;;;;;;;;;;;AAAA,oCAAoC;AACpC,+DAE8B;AAC9B,8DAAsC;AACtC,4DAAoC;AAEpC,2CAA2C;AAC3C,8DAAsC;AAWtC,IAAqB,0BAA0B,GAA/C,MAAqB,0BAA2B,SAAQ,4BAAiB;CA6BxE,CAAA;AAvBG;IALD,IAAA,iCAAU,EAAC,GAAG,EAAE,CAAC,mBAAS,CAAC;IAC3B,IAAA,6BAAM,EAAC;QACN,IAAI,EAAE,+BAAQ,CAAC,OAAO;QACtB,SAAS,EAAE,KAAK;KACjB,CAAC;;0DACgB;AAGhB;IADD,IAAA,gCAAS,EAAC,GAAG,EAAE,CAAC,mBAAS,CAAC;8BAClB,mBAAS;wDAAC;AAOjB;IALD,IAAA,iCAAU,EAAC,GAAG,EAAE,CAAC,oBAAU,CAAC;IAC5B,IAAA,6BAAM,EAAC;QACN,IAAI,EAAE,+BAAQ,CAAC,MAAM;QACrB,SAAS,EAAE,KAAK;KACjB,CAAC;;+DACqB;AAGrB;IADD,IAAA,gCAAS,EAAC,GAAG,EAAE,CAAC,oBAAU,CAAC;8BAClB,oBAAU;yDAAC;AAMnB;IAJD,IAAA,6BAAM,EAAC;QACN,IAAI,EAAE,+BAAQ,CAAC,OAAO;QACtB,SAAS,EAAE,KAAK;KACjB,CAAC;;4DACkB;AAGlB;IADD,IAAA,8BAAO,EAAC,GAAG,EAAE,CAAC,oBAAU,CAAC;;0DACF;AA5BL,0BAA0B;IAT9C,IAAA,6BAAM,EAAC,GAAG,EAAE,CAAC,CAAC;QACb,OAAO,EAAE;YACP,OAAO,EAAE,CAAC,oBAAU,CAAC;SACtB;KACF,CAAC,CAAC;IACF,IAAA,4BAAK,EAAC;QACL,UAAU,EAAE,KAAK;QACjB,SAAS,EAAE,sBAAsB;KAClC,CAAC;GACmB,0BAA0B,CA6B9C;kBA7BoB,0BAA0B","sourcesContent":["/* eslint-disable import/no-cycle */\nimport {\n  Table, Model, Column, DataType, ForeignKey, BelongsTo, Scopes, HasMany,\n} from 'sequelize-typescript';\nimport StockModel from './StockModel';\nimport UserModel from './UserModel';\nimport IPortfolio from '../interfaces/Portfolio';\n// eslint-disable-next-line import/no-cycle\nimport TradeModel from './TradeModel';\n\n@Scopes(() => ({\n  records: {\n    include: [TradeModel],\n  },\n}))\n@Table({\n  timestamps: false,\n  tableName: 'InvestmentsPortfolio',\n})\nexport default class InvestmentsPortfoliotModel extends Model<IPortfolio> {\n  @ForeignKey(() => UserModel)\n  @Column({\n    type: DataType.INTEGER,\n    allowNull: false,\n  })\n    userId!: number;\n\n  @BelongsTo(() => UserModel)\n    user!: UserModel;\n\n  @ForeignKey(() => StockModel)\n  @Column({\n    type: DataType.STRING,\n    allowNull: false,\n  })\n    stockSymbol!: string;\n\n  @BelongsTo(() => StockModel)\n    stock!: StockModel;\n\n  @Column({\n    type: DataType.INTEGER,\n    allowNull: false,\n  })\n    quantity!: number;\n\n  @HasMany(() => TradeModel)\n    trades!: TradeModel[];\n}\n"]},"_coverageSchema":"1a1c01bbd47fc00a2c39e90264f33305004495a9","hash":"a87c554762c9b1953db4af3c8cc927d541a2108c"},"/home/andrewerk/andrewerk-xp-app/src/models/StockModel.ts":{"path":"/home/andrewerk/andrewerk-xp-app/src/models/StockModel.ts","statementMap":{"0":{"start":{"line":2,"column":17},"end":{"line":7,"column":1}},"1":{"start":{"line":3,"column":12},"end":{"line":3,"column":28}},"2":{"start":{"line":3,"column":34},"end":{"line":3,"column":125}},"3":{"start":{"line":4,"column":4},"end":{"line":5,"column":150}},"4":{"start":{"line":4,"column":79},"end":{"line":4,"column":131}},"5":{"start":{"line":5,"column":9},"end":{"line":5,"column":150}},"6":{"start":{"line":5,"column":22},"end":{"line":5,"column":43}},"7":{"start":{"line":5,"column":58},"end":{"line":5,"column":150}},"8":{"start":{"line":5,"column":81},"end":{"line":5,"column":150}},"9":{"start":{"line":6,"column":4},"end":{"line":6,"column":66}},"10":{"start":{"line":8,"column":17},"end":{"line":10,"column":1}},"11":{"start":{"line":9,"column":4},"end":{"line":9,"column":109}},"12":{"start":{"line":9,"column":79},"end":{"line":9,"column":109}},"13":{"start":{"line":11,"column":22},"end":{"line":13,"column":1}},"14":{"start":{"line":12,"column":4},"end":{"line":12,"column":62}},"15":{"start":{"line":14,"column":0},"end":{"line":14,"column":62}},"16":{"start":{"line":16,"column":31},"end":{"line":16,"column":62}},"17":{"start":{"line":17,"column":36},"end":{"line":17,"column":91}},"18":{"start":{"line":18,"column":17},"end":{"line":19,"column":1}},"19":{"start":{"line":20,"column":0},"end":{"line":27,"column":43}},"20":{"start":{"line":28,"column":0},"end":{"line":34,"column":50}},"21":{"start":{"line":35,"column":0},"end":{"line":38,"column":47}},"22":{"start":{"line":36,"column":46},"end":{"line":36,"column":81}},"23":{"start":{"line":39,"column":0},"end":{"line":44,"column":15}},"24":{"start":{"line":45,"column":0},"end":{"line":45,"column":29}}},"fnMap":{"0":{"name":"(anonymous_0)","decl":{"start":{"line":2,"column":46},"end":{"line":2,"column":47}},"loc":{"start":{"line":2,"column":87},"end":{"line":7,"column":1}},"line":2},"1":{"name":"(anonymous_1)","decl":{"start":{"line":8,"column":46},"end":{"line":8,"column":47}},"loc":{"start":{"line":8,"column":62},"end":{"line":10,"column":1}},"line":8},"2":{"name":"(anonymous_2)","decl":{"start":{"line":11,"column":56},"end":{"line":11,"column":57}},"loc":{"start":{"line":11,"column":71},"end":{"line":13,"column":1}},"line":11},"3":{"name":"(anonymous_3)","decl":{"start":{"line":36,"column":40},"end":{"line":36,"column":41}},"loc":{"start":{"line":36,"column":46},"end":{"line":36,"column":81}},"line":36}},"branchMap":{"0":{"loc":{"start":{"line":2,"column":17},"end":{"line":7,"column":1}},"type":"binary-expr","locations":[{"start":{"line":2,"column":18},"end":{"line":2,"column":22}},{"start":{"line":2,"column":26},"end":{"line":2,"column":41}},{"start":{"line":2,"column":46},"end":{"line":7,"column":1}}],"line":2},"1":{"loc":{"start":{"line":3,"column":34},"end":{"line":3,"column":125}},"type":"cond-expr","locations":[{"start":{"line":3,"column":42},"end":{"line":3,"column":48}},{"start":{"line":3,"column":51},"end":{"line":3,"column":125}}],"line":3},"2":{"loc":{"start":{"line":3,"column":51},"end":{"line":3,"column":125}},"type":"cond-expr","locations":[{"start":{"line":3,"column":67},"end":{"line":3,"column":118}},{"start":{"line":3,"column":121},"end":{"line":3,"column":125}}],"line":3},"3":{"loc":{"start":{"line":4,"column":4},"end":{"line":5,"column":150}},"type":"if","locations":[{"start":{"line":4,"column":4},"end":{"line":5,"column":150}},{"start":{"line":4,"column":4},"end":{"line":5,"column":150}}],"line":4},"4":{"loc":{"start":{"line":4,"column":8},"end":{"line":4,"column":77}},"type":"binary-expr","locations":[{"start":{"line":4,"column":8},"end":{"line":4,"column":35}},{"start":{"line":4,"column":39},"end":{"line":4,"column":77}}],"line":4},"5":{"loc":{"start":{"line":5,"column":58},"end":{"line":5,"column":150}},"type":"if","locations":[{"start":{"line":5,"column":58},"end":{"line":5,"column":150}},{"start":{"line":5,"column":58},"end":{"line":5,"column":150}}],"line":5},"6":{"loc":{"start":{"line":5,"column":85},"end":{"line":5,"column":149}},"type":"binary-expr","locations":[{"start":{"line":5,"column":86},"end":{"line":5,"column":143}},{"start":{"line":5,"column":148},"end":{"line":5,"column":149}}],"line":5},"7":{"loc":{"start":{"line":5,"column":86},"end":{"line":5,"column":143}},"type":"cond-expr","locations":[{"start":{"line":5,"column":94},"end":{"line":5,"column":98}},{"start":{"line":5,"column":101},"end":{"line":5,"column":143}}],"line":5},"8":{"loc":{"start":{"line":5,"column":101},"end":{"line":5,"column":143}},"type":"cond-expr","locations":[{"start":{"line":5,"column":109},"end":{"line":5,"column":126}},{"start":{"line":5,"column":129},"end":{"line":5,"column":143}}],"line":5},"9":{"loc":{"start":{"line":6,"column":11},"end":{"line":6,"column":62}},"type":"binary-expr","locations":[{"start":{"line":6,"column":11},"end":{"line":6,"column":16}},{"start":{"line":6,"column":20},"end":{"line":6,"column":21}},{"start":{"line":6,"column":25},"end":{"line":6,"column":62}}],"line":6},"10":{"loc":{"start":{"line":8,"column":17},"end":{"line":10,"column":1}},"type":"binary-expr","locations":[{"start":{"line":8,"column":18},"end":{"line":8,"column":22}},{"start":{"line":8,"column":26},"end":{"line":8,"column":41}},{"start":{"line":8,"column":46},"end":{"line":10,"column":1}}],"line":8},"11":{"loc":{"start":{"line":9,"column":4},"end":{"line":9,"column":109}},"type":"if","locations":[{"start":{"line":9,"column":4},"end":{"line":9,"column":109}},{"start":{"line":9,"column":4},"end":{"line":9,"column":109}}],"line":9},"12":{"loc":{"start":{"line":9,"column":8},"end":{"line":9,"column":77}},"type":"binary-expr","locations":[{"start":{"line":9,"column":8},"end":{"line":9,"column":35}},{"start":{"line":9,"column":39},"end":{"line":9,"column":77}}],"line":9},"13":{"loc":{"start":{"line":11,"column":22},"end":{"line":13,"column":1}},"type":"binary-expr","locations":[{"start":{"line":11,"column":23},"end":{"line":11,"column":27}},{"start":{"line":11,"column":31},"end":{"line":11,"column":51}},{"start":{"line":11,"column":56},"end":{"line":13,"column":1}}],"line":11},"14":{"loc":{"start":{"line":12,"column":11},"end":{"line":12,"column":61}},"type":"cond-expr","locations":[{"start":{"line":12,"column":37},"end":{"line":12,"column":40}},{"start":{"line":12,"column":43},"end":{"line":12,"column":61}}],"line":12},"15":{"loc":{"start":{"line":12,"column":12},"end":{"line":12,"column":33}},"type":"binary-expr","locations":[{"start":{"line":12,"column":12},"end":{"line":12,"column":15}},{"start":{"line":12,"column":19},"end":{"line":12,"column":33}}],"line":12}},"s":{"0":1,"1":4,"2":4,"3":4,"4":4,"5":0,"6":0,"7":0,"8":0,"9":4,"10":1,"11":3,"12":3,"13":1,"14":1,"15":1,"16":1,"17":1,"18":1,"19":1,"20":1,"21":1,"22":2,"23":1,"24":1},"f":{"0":4,"1":3,"2":1,"3":2},"b":{"0":[1,1,1],"1":[1,3],"2":[0,3],"3":[4,0],"4":[4,4],"5":[0,0],"6":[0,0],"7":[0,0],"8":[0,0],"9":[4,3,0],"10":[1,1,1],"11":[3,0],"12":[3,3],"13":[1,1,1],"14":[1,0],"15":[1,1]},"inputSourceMap":{"version":3,"file":"/home/andrewerk/andrewerk-xp-app/src/models/StockModel.ts","sources":["/home/andrewerk/andrewerk-xp-app/src/models/StockModel.ts"],"names":[],"mappings":";;;;;;;;;;;;;;AAAA,oCAAoC;AACpC,+DAE8B;AAE9B,4FAAqE;AAMrE,IAAqB,UAAU,GAA/B,MAAqB,UAAW,SAAQ,4BAAwB;CAgB/D,CAAA;AAVG;IALD,iCAAU;IACV,IAAA,6BAAM,EAAC;QACN,IAAI,EAAE,+BAAQ,CAAC,MAAM;QACrB,SAAS,EAAE,KAAK;KACjB,CAAC;;0CACgB;AAMhB;IAJD,IAAA,6BAAM,EAAC;QACN,IAAI,EAAE,+BAAQ,CAAC,OAAO;QACtB,SAAS,EAAE,KAAK;KACjB,CAAC;;iDACuB;AAGvB;IADD,IAAA,8BAAO,EAAC,GAAG,EAAE,CAAC,mCAA0B,CAAC;;8CACE;AAfzB,UAAU;IAJ9B,IAAA,4BAAK,EAAC;QACL,UAAU,EAAE,IAAI;QAChB,SAAS,EAAE,QAAQ;KACpB,CAAC;GACmB,UAAU,CAgB9B;kBAhBoB,UAAU","sourcesContent":["/* eslint-disable import/no-cycle */\nimport {\n  Table, Model, Column, DataType, PrimaryKey, HasMany,\n} from 'sequelize-typescript';\nimport { StockAvailability } from '../interfaces/Stock';\nimport InvestmentsPortfoliotModel from './InvestmentsPortfolioModel';\n\n@Table({\n  timestamps: true,\n  tableName: 'Stocks',\n})\nexport default class StockModel extends Model<StockAvailability> {\n  @PrimaryKey\n  @Column({\n    type: DataType.STRING,\n    allowNull: false,\n  })\n    symbol!: string;\n\n  @Column({\n    type: DataType.INTEGER,\n    allowNull: false,\n  })\n    stockQuantity!: number;\n\n  @HasMany(() => InvestmentsPortfoliotModel)\n    portfolios!: InvestmentsPortfoliotModel[];\n}\n"]},"_coverageSchema":"1a1c01bbd47fc00a2c39e90264f33305004495a9","hash":"769b1dfd64d7716cfdd225d104d77d1b6a1ced54"},"/home/andrewerk/andrewerk-xp-app/src/models/TradeModel.ts":{"path":"/home/andrewerk/andrewerk-xp-app/src/models/TradeModel.ts","statementMap":{"0":{"start":{"line":2,"column":17},"end":{"line":7,"column":1}},"1":{"start":{"line":3,"column":12},"end":{"line":3,"column":28}},"2":{"start":{"line":3,"column":34},"end":{"line":3,"column":125}},"3":{"start":{"line":4,"column":4},"end":{"line":5,"column":150}},"4":{"start":{"line":4,"column":79},"end":{"line":4,"column":131}},"5":{"start":{"line":5,"column":9},"end":{"line":5,"column":150}},"6":{"start":{"line":5,"column":22},"end":{"line":5,"column":43}},"7":{"start":{"line":5,"column":58},"end":{"line":5,"column":150}},"8":{"start":{"line":5,"column":81},"end":{"line":5,"column":150}},"9":{"start":{"line":6,"column":4},"end":{"line":6,"column":66}},"10":{"start":{"line":8,"column":17},"end":{"line":10,"column":1}},"11":{"start":{"line":9,"column":4},"end":{"line":9,"column":109}},"12":{"start":{"line":9,"column":79},"end":{"line":9,"column":109}},"13":{"start":{"line":11,"column":22},"end":{"line":13,"column":1}},"14":{"start":{"line":12,"column":4},"end":{"line":12,"column":62}},"15":{"start":{"line":14,"column":0},"end":{"line":14,"column":62}},"16":{"start":{"line":16,"column":31},"end":{"line":16,"column":62}},"17":{"start":{"line":17,"column":36},"end":{"line":17,"column":91}},"18":{"start":{"line":18,"column":17},"end":{"line":19,"column":1}},"19":{"start":{"line":20,"column":0},"end":{"line":27,"column":48}},"20":{"start":{"line":21,"column":49},"end":{"line":21,"column":84}},"21":{"start":{"line":28,"column":0},"end":{"line":31,"column":46}},"22":{"start":{"line":29,"column":48},"end":{"line":29,"column":83}},"23":{"start":{"line":32,"column":0},"end":{"line":38,"column":45}},"24":{"start":{"line":39,"column":0},"end":{"line":45,"column":41}},"25":{"start":{"line":46,"column":0},"end":{"line":52,"column":42}},"26":{"start":{"line":53,"column":0},"end":{"line":58,"column":15}},"27":{"start":{"line":59,"column":0},"end":{"line":59,"column":29}}},"fnMap":{"0":{"name":"(anonymous_0)","decl":{"start":{"line":2,"column":46},"end":{"line":2,"column":47}},"loc":{"start":{"line":2,"column":87},"end":{"line":7,"column":1}},"line":2},"1":{"name":"(anonymous_1)","decl":{"start":{"line":8,"column":46},"end":{"line":8,"column":47}},"loc":{"start":{"line":8,"column":62},"end":{"line":10,"column":1}},"line":8},"2":{"name":"(anonymous_2)","decl":{"start":{"line":11,"column":56},"end":{"line":11,"column":57}},"loc":{"start":{"line":11,"column":71},"end":{"line":13,"column":1}},"line":11},"3":{"name":"(anonymous_3)","decl":{"start":{"line":21,"column":43},"end":{"line":21,"column":44}},"loc":{"start":{"line":21,"column":49},"end":{"line":21,"column":84}},"line":21},"4":{"name":"(anonymous_4)","decl":{"start":{"line":29,"column":42},"end":{"line":29,"column":43}},"loc":{"start":{"line":29,"column":48},"end":{"line":29,"column":83}},"line":29}},"branchMap":{"0":{"loc":{"start":{"line":2,"column":17},"end":{"line":7,"column":1}},"type":"binary-expr","locations":[{"start":{"line":2,"column":18},"end":{"line":2,"column":22}},{"start":{"line":2,"column":26},"end":{"line":2,"column":41}},{"start":{"line":2,"column":46},"end":{"line":7,"column":1}}],"line":2},"1":{"loc":{"start":{"line":3,"column":34},"end":{"line":3,"column":125}},"type":"cond-expr","locations":[{"start":{"line":3,"column":42},"end":{"line":3,"column":48}},{"start":{"line":3,"column":51},"end":{"line":3,"column":125}}],"line":3},"2":{"loc":{"start":{"line":3,"column":51},"end":{"line":3,"column":125}},"type":"cond-expr","locations":[{"start":{"line":3,"column":67},"end":{"line":3,"column":118}},{"start":{"line":3,"column":121},"end":{"line":3,"column":125}}],"line":3},"3":{"loc":{"start":{"line":4,"column":4},"end":{"line":5,"column":150}},"type":"if","locations":[{"start":{"line":4,"column":4},"end":{"line":5,"column":150}},{"start":{"line":4,"column":4},"end":{"line":5,"column":150}}],"line":4},"4":{"loc":{"start":{"line":4,"column":8},"end":{"line":4,"column":77}},"type":"binary-expr","locations":[{"start":{"line":4,"column":8},"end":{"line":4,"column":35}},{"start":{"line":4,"column":39},"end":{"line":4,"column":77}}],"line":4},"5":{"loc":{"start":{"line":5,"column":58},"end":{"line":5,"column":150}},"type":"if","locations":[{"start":{"line":5,"column":58},"end":{"line":5,"column":150}},{"start":{"line":5,"column":58},"end":{"line":5,"column":150}}],"line":5},"6":{"loc":{"start":{"line":5,"column":85},"end":{"line":5,"column":149}},"type":"binary-expr","locations":[{"start":{"line":5,"column":86},"end":{"line":5,"column":143}},{"start":{"line":5,"column":148},"end":{"line":5,"column":149}}],"line":5},"7":{"loc":{"start":{"line":5,"column":86},"end":{"line":5,"column":143}},"type":"cond-expr","locations":[{"start":{"line":5,"column":94},"end":{"line":5,"column":98}},{"start":{"line":5,"column":101},"end":{"line":5,"column":143}}],"line":5},"8":{"loc":{"start":{"line":5,"column":101},"end":{"line":5,"column":143}},"type":"cond-expr","locations":[{"start":{"line":5,"column":109},"end":{"line":5,"column":126}},{"start":{"line":5,"column":129},"end":{"line":5,"column":143}}],"line":5},"9":{"loc":{"start":{"line":6,"column":11},"end":{"line":6,"column":62}},"type":"binary-expr","locations":[{"start":{"line":6,"column":11},"end":{"line":6,"column":16}},{"start":{"line":6,"column":20},"end":{"line":6,"column":21}},{"start":{"line":6,"column":25},"end":{"line":6,"column":62}}],"line":6},"10":{"loc":{"start":{"line":8,"column":17},"end":{"line":10,"column":1}},"type":"binary-expr","locations":[{"start":{"line":8,"column":18},"end":{"line":8,"column":22}},{"start":{"line":8,"column":26},"end":{"line":8,"column":41}},{"start":{"line":8,"column":46},"end":{"line":10,"column":1}}],"line":8},"11":{"loc":{"start":{"line":9,"column":4},"end":{"line":9,"column":109}},"type":"if","locations":[{"start":{"line":9,"column":4},"end":{"line":9,"column":109}},{"start":{"line":9,"column":4},"end":{"line":9,"column":109}}],"line":9},"12":{"loc":{"start":{"line":9,"column":8},"end":{"line":9,"column":77}},"type":"binary-expr","locations":[{"start":{"line":9,"column":8},"end":{"line":9,"column":35}},{"start":{"line":9,"column":39},"end":{"line":9,"column":77}}],"line":9},"13":{"loc":{"start":{"line":11,"column":22},"end":{"line":13,"column":1}},"type":"binary-expr","locations":[{"start":{"line":11,"column":23},"end":{"line":11,"column":27}},{"start":{"line":11,"column":31},"end":{"line":11,"column":51}},{"start":{"line":11,"column":56},"end":{"line":13,"column":1}}],"line":11},"14":{"loc":{"start":{"line":12,"column":11},"end":{"line":12,"column":61}},"type":"cond-expr","locations":[{"start":{"line":12,"column":37},"end":{"line":12,"column":40}},{"start":{"line":12,"column":43},"end":{"line":12,"column":61}}],"line":12},"15":{"loc":{"start":{"line":12,"column":12},"end":{"line":12,"column":33}},"type":"binary-expr","locations":[{"start":{"line":12,"column":12},"end":{"line":12,"column":15}},{"start":{"line":12,"column":19},"end":{"line":12,"column":33}}],"line":12}},"s":{"0":1,"1":6,"2":6,"3":6,"4":6,"5":0,"6":0,"7":0,"8":0,"9":6,"10":1,"11":5,"12":5,"13":1,"14":1,"15":1,"16":1,"17":1,"18":1,"19":1,"20":2,"21":1,"22":2,"23":1,"24":1,"25":1,"26":1,"27":1},"f":{"0":6,"1":5,"2":1,"3":2,"4":2},"b":{"0":[1,1,1],"1":[1,5],"2":[0,5],"3":[6,0],"4":[6,6],"5":[0,0],"6":[0,0],"7":[0,0],"8":[0,0],"9":[6,5,0],"10":[1,1,1],"11":[5,0],"12":[5,5],"13":[1,1,1],"14":[1,0],"15":[1,1]},"inputSourceMap":{"version":3,"file":"/home/andrewerk/andrewerk-xp-app/src/models/TradeModel.ts","sources":["/home/andrewerk/andrewerk-xp-app/src/models/TradeModel.ts"],"names":[],"mappings":";;;;;;;;;;;;;;AAAA,oCAAoC;AACpC,+DAE8B;AAE9B,4FAAqE;AAMrE,IAAqB,UAAU,GAA/B,MAAqB,UAAW,SAAQ,4BAAa;CA4BpD,CAAA;AAtBG;IALD,IAAA,iCAAU,EAAC,GAAG,EAAE,CAAC,mCAA0B,CAAC;IAC5C,IAAA,6BAAM,EAAC;QACN,IAAI,EAAE,+BAAQ,CAAC,OAAO;QACtB,SAAS,EAAE,KAAK;KACjB,CAAC;;+CACqB;AAGrB;IADD,IAAA,gCAAS,EAAC,GAAG,EAAE,CAAC,mCAA0B,CAAC;8BAC9B,mCAA0B;6CAAC;AAMvC;IAJD,IAAA,6BAAM,EAAC;QACN,IAAI,EAAE,+BAAQ,CAAC,OAAO;QACtB,SAAS,EAAE,KAAK;KACjB,CAAC;;4CACkB;AAMlB;IAJD,IAAA,6BAAM,EAAC;QACN,IAAI,EAAE,+BAAQ,CAAC,MAAM;QACrB,SAAS,EAAE,KAAK;KACjB,CAAC;;wCACc;AAMd;IAJD,IAAA,6BAAM,EAAC;QACN,IAAI,EAAE,+BAAQ,CAAC,KAAK;QACpB,SAAS,EAAE,KAAK;KACjB,CAAC;;yCACe;AA3BE,UAAU;IAJ9B,IAAA,4BAAK,EAAC;QACL,UAAU,EAAE,IAAI;QAChB,SAAS,EAAE,QAAQ;KACpB,CAAC;GACmB,UAAU,CA4B9B;kBA5BoB,UAAU","sourcesContent":["/* eslint-disable import/no-cycle */\nimport {\n  Table, Model, Column, DataType, ForeignKey, BelongsTo,\n} from 'sequelize-typescript';\nimport ITrade from '../interfaces/Trade';\nimport InvestmentsPortfoliotModel from './InvestmentsPortfolioModel';\n\n@Table({\n  timestamps: true,\n  tableName: 'Trades',\n})\nexport default class TradeModel extends Model<ITrade> {\n  @ForeignKey(() => InvestmentsPortfoliotModel)\n  @Column({\n    type: DataType.INTEGER,\n    allowNull: false,\n  })\n    portfolioId!: number;\n\n  @BelongsTo(() => InvestmentsPortfoliotModel)\n    portfolio!: InvestmentsPortfoliotModel;\n\n  @Column({\n    type: DataType.INTEGER,\n    allowNull: false,\n  })\n    quantity!: number;\n\n  @Column({\n    type: DataType.STRING,\n    allowNull: false,\n  })\n    type!: string;\n\n  @Column({\n    type: DataType.FLOAT,\n    allowNull: false,\n  })\n    value!: number;\n}\n"]},"_coverageSchema":"1a1c01bbd47fc00a2c39e90264f33305004495a9","hash":"b9d94589e5a646aa2f40a685e8da6d8c46978e36"},"/home/andrewerk/andrewerk-xp-app/src/routes/index.ts":{"path":"/home/andrewerk/andrewerk-xp-app/src/routes/index.ts","statementMap":{"0":{"start":{"line":2,"column":22},"end":{"line":4,"column":1}},"1":{"start":{"line":3,"column":4},"end":{"line":3,"column":62}},"2":{"start":{"line":5,"column":0},"end":{"line":5,"column":62}},"3":{"start":{"line":6,"column":18},"end":{"line":6,"column":36}},"4":{"start":{"line":7,"column":21},"end":{"line":7,"column":61}},"5":{"start":{"line":8,"column":21},"end":{"line":8,"column":61}},"6":{"start":{"line":9,"column":24},"end":{"line":9,"column":67}},"7":{"start":{"line":10,"column":26},"end":{"line":10,"column":84}},"8":{"start":{"line":11,"column":23},"end":{"line":11,"column":65}},"9":{"start":{"line":12,"column":22},"end":{"line":12,"column":63}},"10":{"start":{"line":13,"column":26},"end":{"line":13,"column":71}},"11":{"start":{"line":14,"column":15},"end":{"line":14,"column":38}},"12":{"start":{"line":15,"column":0},"end":{"line":15,"column":43}},"13":{"start":{"line":16,"column":0},"end":{"line":16,"column":43}},"14":{"start":{"line":17,"column":0},"end":{"line":17,"column":75}},"15":{"start":{"line":18,"column":0},"end":{"line":18,"column":73}},"16":{"start":{"line":19,"column":0},"end":{"line":19,"column":77}},"17":{"start":{"line":20,"column":0},"end":{"line":20,"column":76}},"18":{"start":{"line":21,"column":0},"end":{"line":21,"column":25}}},"fnMap":{"0":{"name":"(anonymous_0)","decl":{"start":{"line":2,"column":56},"end":{"line":2,"column":57}},"loc":{"start":{"line":2,"column":71},"end":{"line":4,"column":1}},"line":2}},"branchMap":{"0":{"loc":{"start":{"line":2,"column":22},"end":{"line":4,"column":1}},"type":"binary-expr","locations":[{"start":{"line":2,"column":23},"end":{"line":2,"column":27}},{"start":{"line":2,"column":31},"end":{"line":2,"column":51}},{"start":{"line":2,"column":56},"end":{"line":4,"column":1}}],"line":2},"1":{"loc":{"start":{"line":3,"column":11},"end":{"line":3,"column":61}},"type":"cond-expr","locations":[{"start":{"line":3,"column":37},"end":{"line":3,"column":40}},{"start":{"line":3,"column":43},"end":{"line":3,"column":61}}],"line":3},"2":{"loc":{"start":{"line":3,"column":12},"end":{"line":3,"column":33}},"type":"binary-expr","locations":[{"start":{"line":3,"column":12},"end":{"line":3,"column":15}},{"start":{"line":3,"column":19},"end":{"line":3,"column":33}}],"line":3}},"s":{"0":1,"1":7,"2":1,"3":1,"4":1,"5":1,"6":1,"7":1,"8":1,"9":1,"10":1,"11":1,"12":1,"13":1,"14":1,"15":1,"16":1,"17":1,"18":1},"f":{"0":7},"b":{"0":[1,1,1],"1":[7,0],"2":[7,7]},"inputSourceMap":{"version":3,"file":"/home/andrewerk/andrewerk-xp-app/src/routes/index.ts","sources":["/home/andrewerk/andrewerk-xp-app/src/routes/index.ts"],"names":[],"mappings":";;;;;AAAA,qCAAiC;AACjC,8DAAsC;AACtC,8DAAsC;AACtC,oEAA4C;AAC5C,qFAA2D;AAC3D,kEAA0C;AAC1C,gEAAwC;AACxC,wEAA+C;AAE/C,MAAM,MAAM,GAAG,IAAA,gBAAM,GAAE,CAAC;AAExB,MAAM,CAAC,GAAG,CAAC,QAAQ,EAAE,oBAAU,CAAC,CAAC;AACjC,MAAM,CAAC,GAAG,CAAC,QAAQ,EAAE,oBAAU,CAAC,CAAC;AACjC,MAAM,CAAC,GAAG,CAAC,UAAU,EAAE,yBAAa,EAAE,uBAAa,CAAC,CAAC;AACrD,MAAM,CAAC,GAAG,CAAC,SAAS,EAAE,yBAAa,EAAE,sBAAY,CAAC,CAAC;AACnD,MAAM,CAAC,GAAG,CAAC,cAAc,EAAE,yBAAa,EAAE,qBAAW,CAAC,CAAC;AACvD,MAAM,CAAC,GAAG,CAAC,SAAS,EAAE,yBAAa,EAAE,yBAAc,CAAC,CAAC;AAErD,kBAAe,MAAM,CAAC","sourcesContent":["import { Router } from 'express';\nimport loginRoute from './loginRoute';\nimport userRouter from './userRoutes';\nimport accountRoutes from './accountRoutes';\nimport validateToken from '../middlewares/auth.middleware';\nimport stocksRoutes from './stocksRoutes';\nimport tradeRoutes from './tradeRoutes';\nimport portfolioRoute from './portfolioRoutes';\n\nconst routes = Router();\n\nroutes.use('/users', userRouter);\nroutes.use('/login', loginRoute);\nroutes.use('/account', validateToken, accountRoutes);\nroutes.use('/stocks', validateToken, stocksRoutes);\nroutes.use('/investments', validateToken, tradeRoutes);\nroutes.use('/assets', validateToken, portfolioRoute);\n\nexport default routes;\n"]},"_coverageSchema":"1a1c01bbd47fc00a2c39e90264f33305004495a9","hash":"0acbf12d39c5ef187bf89da4b8521362997f9d1f"},"/home/andrewerk/andrewerk-xp-app/src/routes/loginRoute.ts":{"path":"/home/andrewerk/andrewerk-xp-app/src/routes/loginRoute.ts","statementMap":{"0":{"start":{"line":2,"column":22},"end":{"line":4,"column":1}},"1":{"start":{"line":3,"column":4},"end":{"line":3,"column":62}},"2":{"start":{"line":5,"column":0},"end":{"line":5,"column":62}},"3":{"start":{"line":6,"column":18},"end":{"line":6,"column":36}},"4":{"start":{"line":7,"column":26},"end":{"line":7,"column":84}},"5":{"start":{"line":8,"column":0},"end":{"line":8,"column":32}},"6":{"start":{"line":9,"column":27},"end":{"line":9,"column":86}},"7":{"start":{"line":10,"column":19},"end":{"line":10,"column":42}},"8":{"start":{"line":11,"column":0},"end":{"line":11,"column":82}},"9":{"start":{"line":12,"column":0},"end":{"line":12,"column":29}}},"fnMap":{"0":{"name":"(anonymous_0)","decl":{"start":{"line":2,"column":56},"end":{"line":2,"column":57}},"loc":{"start":{"line":2,"column":71},"end":{"line":4,"column":1}},"line":2}},"branchMap":{"0":{"loc":{"start":{"line":2,"column":22},"end":{"line":4,"column":1}},"type":"binary-expr","locations":[{"start":{"line":2,"column":23},"end":{"line":2,"column":27}},{"start":{"line":2,"column":31},"end":{"line":2,"column":51}},{"start":{"line":2,"column":56},"end":{"line":4,"column":1}}],"line":2},"1":{"loc":{"start":{"line":3,"column":11},"end":{"line":3,"column":61}},"type":"cond-expr","locations":[{"start":{"line":3,"column":37},"end":{"line":3,"column":40}},{"start":{"line":3,"column":43},"end":{"line":3,"column":61}}],"line":3},"2":{"loc":{"start":{"line":3,"column":12},"end":{"line":3,"column":33}},"type":"binary-expr","locations":[{"start":{"line":3,"column":12},"end":{"line":3,"column":15}},{"start":{"line":3,"column":19},"end":{"line":3,"column":33}}],"line":3}},"s":{"0":1,"1":2,"2":1,"3":1,"4":1,"5":1,"6":1,"7":1,"8":1,"9":1},"f":{"0":2},"b":{"0":[1,1,1],"1":[2,0],"2":[2,2]},"inputSourceMap":{"version":3,"file":"/home/andrewerk/andrewerk-xp-app/src/routes/loginRoute.ts","sources":["/home/andrewerk/andrewerk-xp-app/src/routes/loginRoute.ts"],"names":[],"mappings":";;;;;AAAA,qCAAiC;AACjC,qFAA6D;AAC7D,gCAA8B;AAC9B,uFAA8D;AAE9D,MAAM,UAAU,GAAG,IAAA,gBAAM,GAAE,CAAC;AAE5B,UAAU,CAAC,IAAI,CAAC,GAAG,EAAE,0BAAe,EAAE,yBAAe,CAAC,KAAK,CAAC,CAAC;AAE7D,kBAAe,UAAU,CAAC","sourcesContent":["import { Router } from 'express';\nimport loginController from '../controllers/loginController';\nimport 'express-async-errors';\nimport loginValidation from '../middlewares/login.middleware';\n\nconst loginRoute = Router();\n\nloginRoute.post('/', loginValidation, loginController.login);\n\nexport default loginRoute;\n"]},"_coverageSchema":"1a1c01bbd47fc00a2c39e90264f33305004495a9","hash":"d2f764933ce2b57ad41c34685427900ec627924f"},"/home/andrewerk/andrewerk-xp-app/src/controllers/loginController.ts":{"path":"/home/andrewerk/andrewerk-xp-app/src/controllers/loginController.ts","statementMap":{"0":{"start":{"line":2,"column":16},"end":{"line":10,"column":1}},"1":{"start":{"line":3,"column":28},"end":{"line":3,"column":110}},"2":{"start":{"line":3,"column":91},"end":{"line":3,"column":106}},"3":{"start":{"line":4,"column":4},"end":{"line":9,"column":7}},"4":{"start":{"line":5,"column":36},"end":{"line":5,"column":97}},"5":{"start":{"line":5,"column":42},"end":{"line":5,"column":70}},"6":{"start":{"line":5,"column":85},"end":{"line":5,"column":95}},"7":{"start":{"line":6,"column":35},"end":{"line":6,"column":100}},"8":{"start":{"line":6,"column":41},"end":{"line":6,"column":73}},"9":{"start":{"line":6,"column":88},"end":{"line":6,"column":98}},"10":{"start":{"line":7,"column":32},"end":{"line":7,"column":116}},"11":{"start":{"line":8,"column":8},"end":{"line":8,"column":78}},"12":{"start":{"line":11,"column":22},"end":{"line":13,"column":1}},"13":{"start":{"line":12,"column":4},"end":{"line":12,"column":62}},"14":{"start":{"line":14,"column":0},"end":{"line":14,"column":62}},"15":{"start":{"line":15,"column":23},"end":{"line":15,"column":75}},"16":{"start":{"line":16,"column":25},"end":{"line":16,"column":76}},"17":{"start":{"line":17,"column":27},"end":{"line":17,"column":80}},"18":{"start":{"line":18,"column":14},"end":{"line":22,"column":2}},"19":{"start":{"line":18,"column":28},"end":{"line":22,"column":2}},"20":{"start":{"line":19,"column":17},"end":{"line":19,"column":61}},"21":{"start":{"line":20,"column":18},"end":{"line":20,"column":53}},"22":{"start":{"line":21,"column":4},"end":{"line":21,"column":65}},"23":{"start":{"line":23,"column":0},"end":{"line":25,"column":2}}},"fnMap":{"0":{"name":"(anonymous_0)","decl":{"start":{"line":2,"column":44},"end":{"line":2,"column":45}},"loc":{"start":{"line":2,"column":89},"end":{"line":10,"column":1}},"line":2},"1":{"name":"adopt","decl":{"start":{"line":3,"column":13},"end":{"line":3,"column":18}},"loc":{"start":{"line":3,"column":26},"end":{"line":3,"column":112}},"line":3},"2":{"name":"(anonymous_2)","decl":{"start":{"line":3,"column":70},"end":{"line":3,"column":71}},"loc":{"start":{"line":3,"column":89},"end":{"line":3,"column":108}},"line":3},"3":{"name":"(anonymous_3)","decl":{"start":{"line":4,"column":36},"end":{"line":4,"column":37}},"loc":{"start":{"line":4,"column":63},"end":{"line":9,"column":5}},"line":4},"4":{"name":"fulfilled","decl":{"start":{"line":5,"column":17},"end":{"line":5,"column":26}},"loc":{"start":{"line":5,"column":34},"end":{"line":5,"column":99}},"line":5},"5":{"name":"rejected","decl":{"start":{"line":6,"column":17},"end":{"line":6,"column":25}},"loc":{"start":{"line":6,"column":33},"end":{"line":6,"column":102}},"line":6},"6":{"name":"step","decl":{"start":{"line":7,"column":17},"end":{"line":7,"column":21}},"loc":{"start":{"line":7,"column":30},"end":{"line":7,"column":118}},"line":7},"7":{"name":"(anonymous_7)","decl":{"start":{"line":11,"column":56},"end":{"line":11,"column":57}},"loc":{"start":{"line":11,"column":71},"end":{"line":13,"column":1}},"line":11},"8":{"name":"(anonymous_8)","decl":{"start":{"line":18,"column":14},"end":{"line":18,"column":15}},"loc":{"start":{"line":18,"column":28},"end":{"line":22,"column":2}},"line":18},"9":{"name":"(anonymous_9)","decl":{"start":{"line":18,"column":62},"end":{"line":18,"column":63}},"loc":{"start":{"line":18,"column":75},"end":{"line":22,"column":1}},"line":18}},"branchMap":{"0":{"loc":{"start":{"line":2,"column":16},"end":{"line":10,"column":1}},"type":"binary-expr","locations":[{"start":{"line":2,"column":17},"end":{"line":2,"column":21}},{"start":{"line":2,"column":25},"end":{"line":2,"column":39}},{"start":{"line":2,"column":44},"end":{"line":10,"column":1}}],"line":2},"1":{"loc":{"start":{"line":3,"column":35},"end":{"line":3,"column":109}},"type":"cond-expr","locations":[{"start":{"line":3,"column":56},"end":{"line":3,"column":61}},{"start":{"line":3,"column":64},"end":{"line":3,"column":109}}],"line":3},"2":{"loc":{"start":{"line":4,"column":16},"end":{"line":4,"column":34}},"type":"binary-expr","locations":[{"start":{"line":4,"column":16},"end":{"line":4,"column":17}},{"start":{"line":4,"column":22},"end":{"line":4,"column":33}}],"line":4},"3":{"loc":{"start":{"line":7,"column":32},"end":{"line":7,"column":115}},"type":"cond-expr","locations":[{"start":{"line":7,"column":46},"end":{"line":7,"column":67}},{"start":{"line":7,"column":70},"end":{"line":7,"column":115}}],"line":7},"4":{"loc":{"start":{"line":8,"column":51},"end":{"line":8,"column":67}},"type":"binary-expr","locations":[{"start":{"line":8,"column":51},"end":{"line":8,"column":61}},{"start":{"line":8,"column":65},"end":{"line":8,"column":67}}],"line":8},"5":{"loc":{"start":{"line":11,"column":22},"end":{"line":13,"column":1}},"type":"binary-expr","locations":[{"start":{"line":11,"column":23},"end":{"line":11,"column":27}},{"start":{"line":11,"column":31},"end":{"line":11,"column":51}},{"start":{"line":11,"column":56},"end":{"line":13,"column":1}}],"line":11},"6":{"loc":{"start":{"line":12,"column":11},"end":{"line":12,"column":61}},"type":"cond-expr","locations":[{"start":{"line":12,"column":37},"end":{"line":12,"column":40}},{"start":{"line":12,"column":43},"end":{"line":12,"column":61}}],"line":12},"7":{"loc":{"start":{"line":12,"column":12},"end":{"line":12,"column":33}},"type":"binary-expr","locations":[{"start":{"line":12,"column":12},"end":{"line":12,"column":15}},{"start":{"line":12,"column":19},"end":{"line":12,"column":33}}],"line":12}},"s":{"0":1,"1":1,"2":0,"3":2,"4":1,"5":1,"6":0,"7":0,"8":0,"9":0,"10":2,"11":2,"12":1,"13":3,"14":1,"15":1,"16":1,"17":1,"18":1,"19":2,"20":2,"21":1,"22":1,"23":1},"f":{"0":2,"1":1,"2":0,"3":2,"4":1,"5":0,"6":2,"7":3,"8":2,"9":2},"b":{"0":[1,1,1],"1":[1,0],"2":[2,2],"3":[1,1],"4":[2,2],"5":[1,1,1],"6":[3,0],"7":[3,3]},"inputSourceMap":{"version":3,"file":"/home/andrewerk/andrewerk-xp-app/src/controllers/loginController.ts","sources":["/home/andrewerk/andrewerk-xp-app/src/controllers/loginController.ts"],"names":[],"mappings":";;;;;;;;;;;;;;AACA,4EAAoD;AACpD,6EAAoD;AACpD,iFAAuD;AAEvD,MAAM,KAAK,GAAG,CAAO,GAAY,EAAE,GAAa,EAAqB,EAAE;IACrE,MAAM,IAAI,GAAG,MAAM,sBAAY,CAAC,KAAK,CAAC,GAAG,CAAC,IAAI,CAAC,CAAC;IAChD,MAAM,KAAK,GAAG,IAAA,wBAAa,EAAC,IAAI,CAAC,CAAC;IAClC,OAAO,GAAG,CAAC,MAAM,CAAC,0BAAc,CAAC,EAAE,CAAC,CAAC,IAAI,CAAC,KAAK,CAAC,CAAC;AACnD,CAAC,CAAA,CAAC;AAEF,kBAAe;IACb,KAAK;CACN,CAAC","sourcesContent":["import { Request, Response } from 'express';\nimport loginService from '../services/loginService';\nimport generateToken from '../utils/generate.token';\nimport HttpStatusCode from '../utils/http.status.code';\n\nconst login = async (req: Request, res: Response): Promise<Response> => {\n  const user = await loginService.login(req.body);\n  const token = generateToken(user);\n  return res.status(HttpStatusCode.OK).json(token);\n};\n\nexport default {\n  login,\n};\n"]},"_coverageSchema":"1a1c01bbd47fc00a2c39e90264f33305004495a9","hash":"5578f4b00d2918d4cf22b7b9e52d5a76e1dfd770"},"/home/andrewerk/andrewerk-xp-app/src/services/loginService.ts":{"path":"/home/andrewerk/andrewerk-xp-app/src/services/loginService.ts","statementMap":{"0":{"start":{"line":2,"column":16},"end":{"line":10,"column":1}},"1":{"start":{"line":3,"column":28},"end":{"line":3,"column":110}},"2":{"start":{"line":3,"column":91},"end":{"line":3,"column":106}},"3":{"start":{"line":4,"column":4},"end":{"line":9,"column":7}},"4":{"start":{"line":5,"column":36},"end":{"line":5,"column":97}},"5":{"start":{"line":5,"column":42},"end":{"line":5,"column":70}},"6":{"start":{"line":5,"column":85},"end":{"line":5,"column":95}},"7":{"start":{"line":6,"column":35},"end":{"line":6,"column":100}},"8":{"start":{"line":6,"column":41},"end":{"line":6,"column":73}},"9":{"start":{"line":6,"column":88},"end":{"line":6,"column":98}},"10":{"start":{"line":7,"column":32},"end":{"line":7,"column":116}},"11":{"start":{"line":8,"column":8},"end":{"line":8,"column":78}},"12":{"start":{"line":11,"column":22},"end":{"line":13,"column":1}},"13":{"start":{"line":12,"column":4},"end":{"line":12,"column":62}},"14":{"start":{"line":14,"column":0},"end":{"line":14,"column":62}},"15":{"start":{"line":15,"column":17},"end":{"line":15,"column":51}},"16":{"start":{"line":16,"column":20},"end":{"line":16,"column":67}},"17":{"start":{"line":17,"column":25},"end":{"line":17,"column":76}},"18":{"start":{"line":18,"column":27},"end":{"line":18,"column":80}},"19":{"start":{"line":19,"column":14},"end":{"line":33,"column":2}},"20":{"start":{"line":19,"column":24},"end":{"line":33,"column":2}},"21":{"start":{"line":20,"column":32},"end":{"line":20,"column":36}},"22":{"start":{"line":21,"column":23},"end":{"line":25,"column":6}},"23":{"start":{"line":26,"column":4},"end":{"line":28,"column":5}},"24":{"start":{"line":27,"column":8},"end":{"line":27,"column":107}},"25":{"start":{"line":29,"column":4},"end":{"line":31,"column":5}},"26":{"start":{"line":30,"column":8},"end":{"line":30,"column":44}},"27":{"start":{"line":32,"column":4},"end":{"line":32,"column":103}},"28":{"start":{"line":34,"column":0},"end":{"line":36,"column":2}}},"fnMap":{"0":{"name":"(anonymous_0)","decl":{"start":{"line":2,"column":44},"end":{"line":2,"column":45}},"loc":{"start":{"line":2,"column":89},"end":{"line":10,"column":1}},"line":2},"1":{"name":"adopt","decl":{"start":{"line":3,"column":13},"end":{"line":3,"column":18}},"loc":{"start":{"line":3,"column":26},"end":{"line":3,"column":112}},"line":3},"2":{"name":"(anonymous_2)","decl":{"start":{"line":3,"column":70},"end":{"line":3,"column":71}},"loc":{"start":{"line":3,"column":89},"end":{"line":3,"column":108}},"line":3},"3":{"name":"(anonymous_3)","decl":{"start":{"line":4,"column":36},"end":{"line":4,"column":37}},"loc":{"start":{"line":4,"column":63},"end":{"line":9,"column":5}},"line":4},"4":{"name":"fulfilled","decl":{"start":{"line":5,"column":17},"end":{"line":5,"column":26}},"loc":{"start":{"line":5,"column":34},"end":{"line":5,"column":99}},"line":5},"5":{"name":"rejected","decl":{"start":{"line":6,"column":17},"end":{"line":6,"column":25}},"loc":{"start":{"line":6,"column":33},"end":{"line":6,"column":102}},"line":6},"6":{"name":"step","decl":{"start":{"line":7,"column":17},"end":{"line":7,"column":21}},"loc":{"start":{"line":7,"column":30},"end":{"line":7,"column":118}},"line":7},"7":{"name":"(anonymous_7)","decl":{"start":{"line":11,"column":56},"end":{"line":11,"column":57}},"loc":{"start":{"line":11,"column":71},"end":{"line":13,"column":1}},"line":11},"8":{"name":"(anonymous_8)","decl":{"start":{"line":19,"column":14},"end":{"line":19,"column":15}},"loc":{"start":{"line":19,"column":24},"end":{"line":33,"column":2}},"line":19},"9":{"name":"(anonymous_9)","decl":{"start":{"line":19,"column":58},"end":{"line":19,"column":59}},"loc":{"start":{"line":19,"column":71},"end":{"line":33,"column":1}},"line":19}},"branchMap":{"0":{"loc":{"start":{"line":2,"column":16},"end":{"line":10,"column":1}},"type":"binary-expr","locations":[{"start":{"line":2,"column":17},"end":{"line":2,"column":21}},{"start":{"line":2,"column":25},"end":{"line":2,"column":39}},{"start":{"line":2,"column":44},"end":{"line":10,"column":1}}],"line":2},"1":{"loc":{"start":{"line":3,"column":35},"end":{"line":3,"column":109}},"type":"cond-expr","locations":[{"start":{"line":3,"column":56},"end":{"line":3,"column":61}},{"start":{"line":3,"column":64},"end":{"line":3,"column":109}}],"line":3},"2":{"loc":{"start":{"line":4,"column":16},"end":{"line":4,"column":34}},"type":"binary-expr","locations":[{"start":{"line":4,"column":16},"end":{"line":4,"column":17}},{"start":{"line":4,"column":22},"end":{"line":4,"column":33}}],"line":4},"3":{"loc":{"start":{"line":7,"column":32},"end":{"line":7,"column":115}},"type":"cond-expr","locations":[{"start":{"line":7,"column":46},"end":{"line":7,"column":67}},{"start":{"line":7,"column":70},"end":{"line":7,"column":115}}],"line":7},"4":{"loc":{"start":{"line":8,"column":51},"end":{"line":8,"column":67}},"type":"binary-expr","locations":[{"start":{"line":8,"column":51},"end":{"line":8,"column":61}},{"start":{"line":8,"column":65},"end":{"line":8,"column":67}}],"line":8},"5":{"loc":{"start":{"line":11,"column":22},"end":{"line":13,"column":1}},"type":"binary-expr","locations":[{"start":{"line":11,"column":23},"end":{"line":11,"column":27}},{"start":{"line":11,"column":31},"end":{"line":11,"column":51}},{"start":{"line":11,"column":56},"end":{"line":13,"column":1}}],"line":11},"6":{"loc":{"start":{"line":12,"column":11},"end":{"line":12,"column":61}},"type":"cond-expr","locations":[{"start":{"line":12,"column":37},"end":{"line":12,"column":40}},{"start":{"line":12,"column":43},"end":{"line":12,"column":61}}],"line":12},"7":{"loc":{"start":{"line":12,"column":12},"end":{"line":12,"column":33}},"type":"binary-expr","locations":[{"start":{"line":12,"column":12},"end":{"line":12,"column":15}},{"start":{"line":12,"column":19},"end":{"line":12,"column":33}}],"line":12},"8":{"loc":{"start":{"line":26,"column":4},"end":{"line":28,"column":5}},"type":"if","locations":[{"start":{"line":26,"column":4},"end":{"line":28,"column":5}},{"start":{"line":26,"column":4},"end":{"line":28,"column":5}}],"line":26},"9":{"loc":{"start":{"line":29,"column":4},"end":{"line":31,"column":5}},"type":"if","locations":[{"start":{"line":29,"column":4},"end":{"line":31,"column":5}},{"start":{"line":29,"column":4},"end":{"line":31,"column":5}}],"line":29}},"s":{"0":1,"1":5,"2":0,"3":3,"4":5,"5":5,"6":2,"7":0,"8":0,"9":0,"10":6,"11":3,"12":1,"13":4,"14":1,"15":1,"16":1,"17":1,"18":1,"19":1,"20":3,"21":3,"22":3,"23":3,"24":1,"25":2,"26":1,"27":1,"28":1},"f":{"0":3,"1":5,"2":0,"3":3,"4":5,"5":0,"6":6,"7":4,"8":3,"9":3},"b":{"0":[1,1,1],"1":[5,0],"2":[3,3],"3":[1,5],"4":[3,3],"5":[1,1,1],"6":[3,1],"7":[4,4],"8":[1,2],"9":[1,1]},"inputSourceMap":{"version":3,"file":"/home/andrewerk/andrewerk-xp-app/src/services/loginService.ts","sources":["/home/andrewerk/andrewerk-xp-app/src/services/loginService.ts"],"names":[],"mappings":";;;;;;;;;;;;;;AAAA,oDAA4B;AAC5B,oEAA4C;AAE5C,6EAAoD;AACpD,iFAAuD;AAEvD,MAAM,KAAK,GAAG,CAAO,IAAgB,EAAuB,EAAE;IAC5D,MAAM,EAAE,KAAK,EAAE,QAAQ,EAAE,GAAG,IAAI,CAAC;IACjC,MAAM,UAAU,GAAG,MAAM,mBAAS,CAAC,OAAO,CAAC;QACzC,KAAK,EAAE;YACL,KAAK;SACN;KACF,CAAC,CAAC;IACH,IAAI,CAAC,UAAU,EAAE;QACf,MAAM,IAAI,wBAAa,CAAC,0BAAc,CAAC,YAAY,EAAE,qBAAqB,CAAC,CAAC;KAC7E;IACD,IAAI,MAAM,gBAAM,CAAC,OAAO,CAAC,QAAQ,EAAE,UAAU,CAAC,QAAQ,CAAC,EAAE;QACvD,OAAO,EAAE,EAAE,EAAE,UAAU,CAAC,EAAE,EAAE,KAAK,EAAE,CAAC;KACrC;IACD,MAAM,IAAI,wBAAa,CAAC,0BAAc,CAAC,YAAY,EAAE,qBAAqB,CAAC,CAAC;AAC9E,CAAC,CAAA,CAAC;AAEF,kBAAe;IACb,KAAK;CACN,CAAC","sourcesContent":["import bcrypt from 'bcrypt';\nimport UserModel from '../models/UserModel';\nimport { IUserLogin, IUserToken } from '../interfaces/User';\nimport HttpException from '../utils/http.exception';\nimport HttpStatusCode from '../utils/http.status.code';\n\nconst login = async (user: IUserLogin): Promise<IUserToken> => {\n  const { email, password } = user;\n  const userExists = await UserModel.findOne({\n    where: {\n      email,\n    },\n  });\n  if (!userExists) {\n    throw new HttpException(HttpStatusCode.UNAUTHORIZED, 'Invalid credentials');\n  }\n  if (await bcrypt.compare(password, userExists.password)) {\n    return { id: userExists.id, email };\n  }\n  throw new HttpException(HttpStatusCode.UNAUTHORIZED, 'Invalid credentials');\n};\n\nexport default {\n  login,\n};\n"]},"_coverageSchema":"1a1c01bbd47fc00a2c39e90264f33305004495a9","hash":"ace7988d0c61c222f0818e9b5fa8cb08ae8d93fb"},"/home/andrewerk/andrewerk-xp-app/src/utils/http.exception.ts":{"path":"/home/andrewerk/andrewerk-xp-app/src/utils/http.exception.ts","statementMap":{"0":{"start":{"line":2,"column":0},"end":{"line":2,"column":62}},"1":{"start":{"line":5,"column":8},"end":{"line":5,"column":23}},"2":{"start":{"line":6,"column":8},"end":{"line":6,"column":29}},"3":{"start":{"line":9,"column":0},"end":{"line":9,"column":32}}},"fnMap":{"0":{"name":"(anonymous_0)","decl":{"start":{"line":4,"column":4},"end":{"line":4,"column":5}},"loc":{"start":{"line":4,"column":33},"end":{"line":7,"column":5}},"line":4}},"branchMap":{},"s":{"0":1,"1":12,"2":12,"3":1},"f":{"0":12},"b":{},"inputSourceMap":{"version":3,"file":"/home/andrewerk/andrewerk-xp-app/src/utils/http.exception.ts","sources":["/home/andrewerk/andrewerk-xp-app/src/utils/http.exception.ts"],"names":[],"mappings":";;AAAA,MAAqB,aAAc,SAAQ,KAAK;IAC9C,YAAmB,MAAc,EAAE,OAAe;QAChD,KAAK,CAAC,OAAO,CAAC,CAAC;QADE,WAAM,GAAN,MAAM,CAAQ;IAEjC,CAAC;CACF;AAJD,gCAIC","sourcesContent":["export default class HttpException extends Error {\n  constructor(public status: number, message: string) {\n    super(message);\n  }\n}\n"]},"_coverageSchema":"1a1c01bbd47fc00a2c39e90264f33305004495a9","hash":"73a343f5521e6d054a8e7e3eeb11b89abedb4107"},"/home/andrewerk/andrewerk-xp-app/src/utils/http.status.code.ts":{"path":"/home/andrewerk/andrewerk-xp-app/src/utils/http.status.code.ts","statementMap":{"0":{"start":{"line":2,"column":0},"end":{"line":2,"column":62}},"1":{"start":{"line":4,"column":0},"end":{"line":14,"column":44}},"2":{"start":{"line":5,"column":4},"end":{"line":5,"column":54}},"3":{"start":{"line":6,"column":4},"end":{"line":6,"column":64}},"4":{"start":{"line":7,"column":4},"end":{"line":7,"column":70}},"5":{"start":{"line":8,"column":4},"end":{"line":8,"column":72}},"6":{"start":{"line":9,"column":4},"end":{"line":9,"column":74}},"7":{"start":{"line":10,"column":4},"end":{"line":10,"column":68}},"8":{"start":{"line":11,"column":4},"end":{"line":11,"column":66}},"9":{"start":{"line":12,"column":4},"end":{"line":12,"column":90}},"10":{"start":{"line":13,"column":4},"end":{"line":13,"column":82}},"11":{"start":{"line":15,"column":0},"end":{"line":15,"column":33}}},"fnMap":{"0":{"name":"(anonymous_0)","decl":{"start":{"line":4,"column":1},"end":{"line":4,"column":2}},"loc":{"start":{"line":4,"column":27},"end":{"line":14,"column":1}},"line":4}},"branchMap":{"0":{"loc":{"start":{"line":14,"column":3},"end":{"line":14,"column":42}},"type":"binary-expr","locations":[{"start":{"line":14,"column":3},"end":{"line":14,"column":17}},{"start":{"line":14,"column":22},"end":{"line":14,"column":41}}],"line":14}},"s":{"0":1,"1":1,"2":1,"3":1,"4":1,"5":1,"6":1,"7":1,"8":1,"9":1,"10":1,"11":1},"f":{"0":1},"b":{"0":[1,1]},"inputSourceMap":{"version":3,"file":"/home/andrewerk/andrewerk-xp-app/src/utils/http.status.code.ts","sources":["/home/andrewerk/andrewerk-xp-app/src/utils/http.status.code.ts"],"names":[],"mappings":";;AAAA,IAAK,cAUJ;AAVD,WAAK,cAAc;IACjB,iDAAQ,CAAA;IACR,2DAAa,CAAA;IACb,iEAAgB,CAAA;IAChB,mEAAiB,CAAA;IACjB,qEAAkB,CAAA;IAClB,+DAAe,CAAA;IACf,6DAAc,CAAA;IACd,qFAA0B,CAAA;IAC1B,6EAAsB,CAAA;AACxB,CAAC,EAVI,cAAc,KAAd,cAAc,QAUlB;AAED,kBAAe,cAAc,CAAC","sourcesContent":["enum HttpStatusCode {\n  OK = 200,\n  CREATED = 201,\n  NO_CONTENT = 204,\n  BAD_REQUEST = 400,\n  UNAUTHORIZED = 401,\n  NOT_FOUND = 404,\n  CONFLICT = 409,\n  UNPROCESSABLE_ENTITY = 422,\n  TO_MANY_REQUESTS = 429,\n}\n\nexport default HttpStatusCode;\n"]},"_coverageSchema":"1a1c01bbd47fc00a2c39e90264f33305004495a9","hash":"e98a2ae9356384c757bbabe8f27d6a33a06b1cd4"},"/home/andrewerk/andrewerk-xp-app/src/utils/generate.token.ts":{"path":"/home/andrewerk/andrewerk-xp-app/src/utils/generate.token.ts","statementMap":{"0":{"start":{"line":2,"column":0},"end":{"line":2,"column":62}},"1":{"start":{"line":3,"column":23},"end":{"line":3,"column":46}},"2":{"start":{"line":4,"column":15},"end":{"line":4,"column":48}},"3":{"start":{"line":5,"column":18},"end":{"line":8,"column":1}},"4":{"start":{"line":9,"column":22},"end":{"line":9,"column":81}},"5":{"start":{"line":9,"column":32},"end":{"line":9,"column":81}},"6":{"start":{"line":10,"column":0},"end":{"line":10,"column":32}}},"fnMap":{"0":{"name":"(anonymous_0)","decl":{"start":{"line":9,"column":22},"end":{"line":9,"column":23}},"loc":{"start":{"line":9,"column":32},"end":{"line":9,"column":81}},"line":9}},"branchMap":{"0":{"loc":{"start":{"line":4,"column":15},"end":{"line":4,"column":48}},"type":"binary-expr","locations":[{"start":{"line":4,"column":15},"end":{"line":4,"column":33}},{"start":{"line":4,"column":37},"end":{"line":4,"column":48}}],"line":4}},"s":{"0":1,"1":1,"2":1,"3":1,"4":1,"5":7,"6":1},"f":{"0":7},"b":{"0":[1,1]},"inputSourceMap":{"version":3,"file":"/home/andrewerk/andrewerk-xp-app/src/utils/generate.token.ts","sources":["/home/andrewerk/andrewerk-xp-app/src/utils/generate.token.ts"],"names":[],"mappings":";;AAAA,+CAAiD;AAGjD,MAAM,MAAM,GAAG,OAAO,CAAC,GAAG,CAAC,MAAM,IAAI,WAAW,CAAC;AAEjD,MAAM,SAAS,GAAgB;IAC7B,SAAS,EAAE,KAAK;IAChB,SAAS,EAAE,OAAO;CACnB,CAAC;AAEF,MAAM,aAAa,GAAG,CAAC,IAAgB,EAAU,EAAE,CAAC,IAAA,mBAAI,EAAC,IAAI,EAAE,MAAM,EAAE,SAAS,CAAC,CAAC;AAElF,kBAAe,aAAa,CAAC","sourcesContent":["import { sign, SignOptions } from 'jsonwebtoken';\nimport { IUserToken } from '../interfaces/User';\n\nconst secret = process.env.SECRET || 'jwtsecret';\n\nconst jwtConfig: SignOptions = {\n  expiresIn: '50m',\n  algorithm: 'HS256',\n};\n\nconst generateToken = (data: IUserToken): string => sign(data, secret, jwtConfig);\n\nexport default generateToken;\n"]},"_coverageSchema":"1a1c01bbd47fc00a2c39e90264f33305004495a9","hash":"b930b1a06cc37e9558d81ef12cf3c21d826bc154"},"/home/andrewerk/andrewerk-xp-app/src/middlewares/login.middleware.ts":{"path":"/home/andrewerk/andrewerk-xp-app/src/middlewares/login.middleware.ts","statementMap":{"0":{"start":{"line":2,"column":22},"end":{"line":4,"column":1}},"1":{"start":{"line":3,"column":4},"end":{"line":3,"column":62}},"2":{"start":{"line":5,"column":0},"end":{"line":5,"column":62}},"3":{"start":{"line":6,"column":14},"end":{"line":6,"column":45}},"4":{"start":{"line":7,"column":25},"end":{"line":7,"column":76}},"5":{"start":{"line":8,"column":27},"end":{"line":8,"column":80}},"6":{"start":{"line":9,"column":17},"end":{"line":16,"column":2}},"7":{"start":{"line":17,"column":24},"end":{"line":27,"column":1}},"8":{"start":{"line":18,"column":22},"end":{"line":18,"column":72}},"9":{"start":{"line":19,"column":4},"end":{"line":21,"column":5}},"10":{"start":{"line":20,"column":8},"end":{"line":20,"column":22}},"11":{"start":{"line":22,"column":20},"end":{"line":22,"column":33}},"12":{"start":{"line":23,"column":4},"end":{"line":24,"column":43}},"13":{"start":{"line":24,"column":8},"end":{"line":24,"column":43}},"14":
[...]
":{"line":17,"column":31},"end":{"line":21,"column":8}},"19":{"start":{"line":17,"column":68},"end":{"line":21,"column":6}},"20":{"start":{"line":18,"column":22},"end":{"line":18,"column":81}},"21":{"start":{"line":19,"column":42},"end":{"line":19,"column":47}},"22":{"start":{"line":20,"column":8},"end":{"line":20,"column":75}},"23":{"start":{"line":22,"column":4},"end":{"line":22,"column":36}},"24":{"start":{"line":23,"column":4},"end":{"line":23,"column":30}},"25":{"start":{"line":25,"column":0},"end":{"line":25,"column":30}}},"fnMap":{"0":{"name":"(anonymous_0)","decl":{"start":{"line":2,"column":44},"end":{"line":2,"column":45}},"loc":{"start":{"line":2,"column":89},"end":{"line":10,"column":1}},"line":2},"1":{"name":"adopt","decl":{"start":{"line":3,"column":13},"end":{"line":3,"column":18}},"loc":{"start":{"line":3,"column":26},"end":{"line":3,"column":112}},"line":3},"2":{"name":"(anonymous_2)","decl":{"start":{"line":3,"column":70},"end":{"line":3,"column":71}},"loc":{"start":{"line":3,"column":89},"end":{"line":3,"column":108}},"line":3},"3":{"name":"(anonymous_3)","decl":{"start":{"line":4,"column":36},"end":{"line":4,"column":37}},"loc":{"start":{"line":4,"column":63},"end":{"line":9,"column":5}},"line":4},"4":{"name":"fulfilled","decl":{"start":{"line":5,"column":17},"end":{"line":5,"column":26}},"loc":{"start":{"line":5,"column":34},"end":{"line":5,"column":99}},"line":5},"5":{"name":"rejected","decl":{"start":{"line":6,"column":17},"end":{"line":6,"column":25}},"loc":{"start":{"line":6,"column":33},"end":{"line":6,"column":102}},"line":6},"6":{"name":"step","decl":{"start":{"line":7,"column":17},"end":{"line":7,"column":21}},"loc":{"start":{"line":7,"column":30},"end":{"line":7,"column":118}},"line":7},"7":{"name":"(anonymous_7)","decl":{"start":{"line":11,"column":56},"end":{"line":11,"column":57}},"loc":{"start":{"line":11,"column":71},"end":{"line":13,"column":1}},"line":11},"8":{"name":"(anonymous_8)","decl":{"start":{"line":16,"column":20},"end":{"line":16,"column":21}},"loc":{"start":{"line":16,"column":35},"end":{"line":24,"column":2}},"line":16},"9":{"name":"(anonymous_9)","decl":{"start":{"line":16,"column":69},"end":{"line":16,"column":70}},"loc":{"start":{"line":16,"column":82},"end":{"line":24,"column":1}},"line":16},"10":{"name":"(anonymous_10)","decl":{"start":{"line":17,"column":57},"end":{"line":17,"column":58}},"loc":{"start":{"line":17,"column":68},"end":{"line":21,"column":6}},"line":17},"11":{"name":"(anonymous_11)","decl":{"start":{"line":17,"column":102},"end":{"line":17,"column":103}},"loc":{"start":{"line":17,"column":115},"end":{"line":21,"column":5}},"line":17}},"branchMap":{"0":{"loc":{"start":{"line":2,"column":16},"end":{"line":10,"column":1}},"type":"binary-expr","locations":[{"start":{"line":2,"column":17},"end":{"line":2,"column":21}},{"start":{"line":2,"column":25},"end":{"line":2,"column":39}},{"start":{"line":2,"column":44},"end":{"line":10,"column":1}}],"line":2},"1":{"loc":{"start":{"line":3,"column":35},"end":{"line":3,"column":109}},"type":"cond-expr","locations":[{"start":{"line":3,"column":56},"end":{"line":3,"column":61}},{"start":{"line":3,"column":64},"end":{"line":3,"column":109}}],"line":3},"2":{"loc":{"start":{"line":4,"column":16},"end":{"line":4,"column":34}},"type":"binary-expr","locations":[{"start":{"line":4,"column":16},"end":{"line":4,"column":17}},{"start":{"line":4,"column":22},"end":{"line":4,"column":33}}],"line":4},"3":{"loc":{"start":{"line":7,"column":32},"end":{"line":7,"column":115}},"type":"cond-expr","locations":[{"start":{"line":7,"column":46},"end":{"line":7,"column":67}},{"start":{"line":7,"column":70},"end":{"line":7,"column":115}}],"line":7},"4":{"loc":{"start":{"line":8,"column":51},"end":{"line":8,"column":67}},"type":"binary-expr","locations":[{"start":{"line":8,"column":51},"end":{"line":8,"column":61}},{"start":{"line":8,"column":65},"end":{"line":8,"column":67}}],"line":8},"5":{"loc":{"start":{"line":11,"column":22},"end":{"line":13,"column":1}},"type":"binary-expr","locations":[{"start":{"line":11,"column":23},"end":{"line":11,"column":27}},{"start":{"line":11,"column":31},"end":{"line":11,"column":51}},{"start":{"line":11,"column":56},"end":{"line":13,"column":1}}],"line":11},"6":{"loc":{"start":{"line":12,"column":11},"end":{"line":12,"column":61}},"type":"cond-expr","locations":[{"start":{"line":12,"column":37},"end":{"line":12,"column":40}},{"start":{"line":12,"column":43},"end":{"line":12,"column":61}}],"line":12},"7":{"loc":{"start":{"line":12,"column":12},"end":{"line":12,"column":33}},"type":"binary-expr","locations":[{"start":{"line":12,"column":12},"end":{"line":12,"column":15}},{"start":{"line":12,"column":19},"end":{"line":12,"column":33}}],"line":12}},"s":{"0":1,"1":0,"2":0,"3":0,"4":0,"5":0,"6":0,"7":0,"8":0,"9":0,"10":0,"11":0,"12":1,"13":1,"14":1,"15":1,"16":1,"17":0,"18":0,"19":0,"20":0,"21":0,"22":0,"23":0,"24":0,"25":1},"f":{"0":0,"1":0,"2":0,"3":0,"4":0,"5":0,"6":0,"7":1,"8":0,"9":0,"10":0,"11":0},"b":{"0":[1,1,1],"1":[0,0],"2":[0,0],"3":[0,0],"4":[0,0],"5":[1,1,1],"6":[1,0],"7":[1,1]},"inputSourceMap":{"version":3,"file":"/home/andrewerk/andrewerk-xp-app/src/utils/insertValue.ts","sources":["/home/andrewerk/andrewerk-xp-app/src/utils/insertValue.ts"],"names":[],"mappings":";;;;;;;;;;;;;;AACA,kFAA0D;AAE1D,MAAM,WAAW,GAAG,CAAO,SAAuB,EAAE,EAAE;IACpD,MAAM,kBAAkB,GAAG,OAAO,CAAC,GAAG,CAAC,SAAS,CAAC,GAAG,CAAC,CAAO,KAAiB,EAAE,EAAE;QAC/E,MAAM,KAAK,GAAG,MAAM,yBAAe,CAAC,QAAQ,CAAC,KAAK,CAAC,WAAW,CAAC,CAAC;QAChE,MAAM,EAAE,WAAW,EAAE,QAAQ,EAAE,GAAG,KAAK,CAAC;QACxC,OAAO,EAAE,WAAW,EAAE,QAAQ,EAAE,YAAY,EAAE,KAAK,CAAC,YAAY,EAAE,CAAC;IACrE,CAAC,CAAA,CAAC,CAAC,CAAC;IACJ,OAAO,CAAC,GAAG,CAAC,kBAAkB,CAAC,CAAC;IAChC,OAAO,kBAAkB,CAAC;AAC5B,CAAC,CAAA,CAAC;AAEF,kBAAe,WAAW,CAAC","sourcesContent":["import IPortfolio from '../interfaces/Portfolio';\nimport stockApiService from '../services/stockApiService';\n\nconst insertValue = async (portfolio: IPortfolio[]) => {\n  const portfolioWithValue = Promise.all(portfolio.map(async (asset: IPortfolio) => {\n    const value = await stockApiService.getStock(asset.stockSymbol);\n    const { stockSymbol, quantity } = asset;\n    return { stockSymbol, quantity, currentValue: value.currentValue };\n  }));\n  console.log(portfolioWithValue);\n  return portfolioWithValue;\n};\n\nexport default insertValue;\n"]},"_coverageSchema":"1a1c01bbd47fc00a2c39e90264f33305004495a9","hash":"c6e58eaf88f44f338473106cec88e9f2e0f7b229"},"/home/andrewerk/andrewerk-xp-app/src/routes/portfolioRoutes.ts":{"path":"/home/andrewerk/andrewerk-xp-app/src/routes/portfolioRoutes.ts","statementMap":{"0":{"start":{"line":2,"column":22},"end":{"line":4,"column":1}},"1":{"start":{"line":3,"column":4},"end":{"line":3,"column":62}},"2":{"start":{"line":5,"column":0},"end":{"line":5,"column":62}},"3":{"start":{"line":6,"column":18},"end":{"line":6,"column":36}},"4":{"start":{"line":7,"column":30},"end":{"line":7,"column":92}},"5":{"start":{"line":8,"column":0},"end":{"line":8,"column":32}},"6":{"start":{"line":9,"column":23},"end":{"line":9,"column":46}},"7":{"start":{"line":10,"column":0},"end":{"line":10,"column":87}},"8":{"start":{"line":11,"column":0},"end":{"line":11,"column":75}},"9":{"start":{"line":12,"column":0},"end":{"line":12,"column":33}}},"fnMap":{"0":{"name":"(anonymous_0)","decl":{"start":{"line":2,"column":56},"end":{"line":2,"column":57}},"loc":{"start":{"line":2,"column":71},"end":{"line":4,"column":1}},"line":2}},"branchMap":{"0":{"loc":{"start":{"line":2,"column":22},"end":{"line":4,"column":1}},"type":"binary-expr","locations":[{"start":{"line":2,"column":23},"end":{"line":2,"column":27}},{"start":{"line":2,"column":31},"end":{"line":2,"column":51}},{"start":{"line":2,"column":56},"end":{"line":4,"column":1}}],"line":2},"1":{"loc":{"start":{"line":3,"column":11},"end":{"line":3,"column":61}},"type":"cond-expr","locations":[{"start":{"line":3,"column":37},"end":{"line":3,"column":40}},{"start":{"line":3,"column":43},"end":{"line":3,"column":61}}],"line":3},"2":{"loc":{"start":{"line":3,"column":12},"end":{"line":3,"column":33}},"type":"binary-expr","locations":[{"start":{"line":3,"column":12},"end":{"line":3,"column":15}},{"start":{"line":3,"column":19},"end":{"line":3,"column":33}}],"line":3}},"s":{"0":1,"1":1,"2":1,"3":1,"4":1,"5":1,"6":1,"7":1,"8":1,"9":1},"f":{"0":1},"b":{"0":[1,1,1],"1":[1,0],"2":[1,1]},"inputSourceMap":{"version":3,"file":"/home/andrewerk/andrewerk-xp-app/src/routes/portfolioRoutes.ts","sources":["/home/andrewerk/andrewerk-xp-app/src/routes/portfolioRoutes.ts"],"names":[],"mappings":";;;;;AAAA,qCAAiC;AACjC,6FAAqE;AACrE,gCAA8B;AAE9B,MAAM,cAAc,GAAG,IAAA,gBAAM,GAAE,CAAC;AAEhC,cAAc,CAAC,GAAG,CAAC,SAAS,EAAE,6BAAmB,CAAC,yBAAyB,CAAC,CAAC;AAC7E,cAAc,CAAC,GAAG,CAAC,GAAG,EAAE,6BAAmB,CAAC,mBAAmB,CAAC,CAAC;AAEjE,kBAAe,cAAc,CAAC","sourcesContent":["import { Router } from 'express';\nimport portfolioController from '../controllers/portfolioController';\nimport 'express-async-errors';\n\nconst portfolioRoute = Router();\n\nportfolioRoute.get('/:asset', portfolioController.getAssetByCustomerHistory);\nportfolioRoute.get('/', portfolioController.getAssetsByCustomer);\n\nexport default portfolioRoute;\n"]},"_coverageSchema":"1a1c01bbd47fc00a2c39e90264f33305004495a9","hash":"35a4de36590206b91d13aa846b40fa0c3c443ec1"},"/home/andrewerk/andrewerk-xp-app/src/controllers/portfolioController.ts":{"path":"/home/andrewerk/andrewerk-xp-app/src/controllers/portfolioController.ts","statementMap":{"0":{"start":{"line":2,"column":16},"end":{"line":10,"column":1}},"1":{"start":{"line":3,"column":28},"end":{"line":3,"column":110}},"2":{"start":{"line":3,"column":91},"end":{"line":3,"column":106}},"3":{"start":{"line":4,"column":4},"end":{"line":9,"column":7}},"4":{"start":{"line":5,"column":36},"end":{"line":5,"column":97}},"5":{"start":{"line":5,"column":42},"end":{"line":5,"column":70}},"6":{"start":{"line":5,"column":85},"end":{"line":5,"column":95}},"7":{"start":{"line":6,"column":35},"end":{"line":6,"column":100}},"8":{"start":{"line":6,"column":41},"end":{"line":6,"column":73}},"9":{"start":{"line":6,"column":88},"end":{"line":6,"column":98}},"10":{"start":{"line":7,"column":32},"end":{"line":7,"column":116}},"11":{"start":{"line":8,"column":8},"end":{"line":8,"column":78}},"12":{"start":{"line":11,"column":22},"end":{"line":13,"column":1}},"13":{"start":{"line":12,"column":4},"end":{"line":12,"column":62}},"14":{"start":{"line":14,"column":0},"end":{"line":14,"column":62}},"15":{"start":{"line":15,"column":38},"end":{"line":15,"column":105}},"16":{"start":{"line":16,"column":27},"end":{"line":16,"column":80}},"17":{"start":{"line":17,"column":28},"end":{"line":21,"column":2}},"18":{"start":{"line":17,"column":42},"end":{"line":21,"column":2}},"19":{"start":{"line":18,"column":19},"end":{"line":18,"column":34}},"20":{"start":{"line":19,"column":19},"end":{"line":19,"column":86}},"21":{"start":{"line":20,"column":4},"end":{"line":20,"column":66}},"22":{"start":{"line":22,"column":34},"end":{"line":28,"column":2}},"23":{"start":{"line":22,"column":48},"end":{"line":28,"column":2}},"24":{"start":{"line":23,"column":19},"end":{"line":23,"column":34}},"25":{"start":{"line":24,"column":22},"end":{"line":24,"column":32}},"26":{"start":{"line":25,"column":19},"end":{"line":26,"column":59}},"27":{"start":{"line":27,"column":4},"end":{"line":27,"column":66}},"28":{"start":{"line":29,"column":0},"end":{"line":32,"column":2}}},"fnMap":{"0":{"name":"(anonymous_0)","decl":{"start":{"line":2,"column":44},"end":{"line":2,"column":45}},"loc":{"start":{"line":2,"column":89},"end":{"line":10,"column":1}},"line":2},"1":{"name":"adopt","decl":{"start":{"line":3,"column":13},"end":{"line":3,"column":18}},"loc":{"start":{"line":3,"column":26},"end":{"line":3,"column":112}},"line":3},"2":{"name":"(anonymous_2)","decl":{"start":{"line":3,"column":70},"end":{"line":3,"column":71}},"loc":{"start":{"line":3,"column":89},"end":{"line":3,"column":108}},"line":3},"3":{"name":"(anonymous_3)","decl":{"start":{"line":4,"column":36},"end":{"line":4,"column":37}},"loc":{"start":{"line":4,"column":63},"end":{"line":9,"column":5}},"line":4},"4":{"name":"fulfilled","decl":{"start":{"line":5,"column":17},"end":{"line":5,"column":26}},"loc":{"start":{"line":5,"column":34},"end":{"line":5,"column":99}},"line":5},"5":{"name":"rejected","decl":{"start":{"line":6,"column":17},"end":{"line":6,"column":25}},"loc":{"start":{"line":6,"column":33},"end":{"line":6,"column":102}},"line":6},"6":{"name":"step","decl":{"start":{"line":7,"column":17},"end":{"line":7,"column":21}},"loc":{"start":{"line":7,"column":30},"end":{"line":7,"column":118}},"line":7},"7":{"name":"(anonymous_7)","decl":{"start":{"line":11,"column":56},"end":{"line":11,"column":57}},"loc":{"start":{"line":11,"column":71},"end":{"line":13,"column":1}},"line":11},"8":{"name":"(anonymous_8)","decl":{"start":{"line":17,"column":28},"end":{"line":17,"column":29}},"loc":{"start":{"line":17,"column":42},"end":{"line":21,"column":2}},"line":17},"9":{"name":"(anonymous_9)","decl":{"start":{"line":17,"column":76},"end":{"line":17,"column":77}},"loc":{"start":{"line":17,"column":89},"end":{"line":21,"column":1}},"line":17},"10":{"name":"(anonymous_10)","decl":{"start":{"line":22,"column":34},"end":{"line":22,"column":35}},"loc":{"start":{"line":22,"column":48},"end":{"line":28,"column":2}},"line":22},"11":{"name":"(anonymous_11)","decl":{"start":{"line":22,"column":82},"end":{"line":22,"column":83}},"loc":{"start":{"line":22,"column":95},"end":{"line":28,"column":1}},"line":22}},"branchMap":{"0":{"loc":{"start":{"line":2,"column":16},"end":{"line":10,"column":1}},"type":"binary-expr","locations":[{"start":{"line":2,"column":17},"end":{"line":2,"column":21}},{"start":{"line":2,"column":25},"end":{"line":2,"column":39}},{"start":{"line":2,"column":44},"end":{"line":10,"column":1}}],"line":2},"1":{"loc":{"start":{"line":3,"column":35},"end":{"line":3,"column":109}},"type":"cond-expr","locations":[{"start":{"line":3,"column":56},"end":{"line":3,"column":61}},{"start":{"line":3,"column":64},"end":{"line":3,"column":109}}],"line":3},"2":{"loc":{"start":{"line":4,"column":16},"end":{"line":4,"column":34}},"type":"binary-expr","locations":[{"start":{"line":4,"column":16},"end":{"line":4,"column":17}},{"start":{"line":4,"column":22},"end":{"line":4,"column":33}}],"line":4},"3":{"loc":{"start":{"line":7,"column":32},"end":{"line":7,"column":115}},"type":"cond-expr","locations":[{"start":{"line":7,"column":46},"end":{"line":7,"column":67}},{"start":{"line":7,"column":70},"end":{"line":7,"column":115}}],"line":7},"4":{"loc":{"start":{"line":8,"column":51},"end":{"line":8,"column":67}},"type":"binary-expr","locations":[{"start":{"line":8,"column":51},"end":{"line":8,"column":61}},{"start":{"line":8,"column":65},"end":{"line":8,"column":67}}],"line":8},"5":{"loc":{"start":{"line":11,"column":22},"end":{"line":13,"column":1}},"type":"binary-expr","locations":[{"start":{"line":11,"column":23},"end":{"line":11,"column":27}},{"start":{"line":11,"column":31},"end":{"line":11,"column":51}},{"start":{"line":11,"column":56},"end":{"line":13,"column":1}}],"line":11},"6":{"loc":{"start":{"line":12,"column":11},"end":{"line":12,"column":61}},"type":"cond-expr","locations":[{"start":{"line":12,"column":37},"end":{"line":12,"column":40}},{"start":{"line":12,"column":43},"end":{"line":12,"column":61}}],"line":12},"7":{"loc":{"start":{"line":12,"column":12},"end":{"line":12,"column":33}},"type":"binary-expr","locations":[{"start":{"line":12,"column":12},"end":{"line":12,"column":15}},{"start":{"line":12,"column":19},"end":{"line":12,"column":33}}],"line":12}},"s":{"0":1,"1":0,"2":0,"3":0,"4":0,"5":0,"6":0,"7":0,"8":0,"9":0,"10":0,"11":0,"12":1,"13":2,"14":1,"15":1,"16":1,"17":1,"18":0,"19":0,"20":0,"21":0,"22":1,"23":0,"24":0,"25":0,"26":0,"27":0,"28":1},"f":{"0":0,"1":0,"2":0,"3":0,"4":0,"5":0,"6":0,"7":2,"8":0,"9":0,"10":0,"11":0},"b":{"0":[1,1,1],"1":[0,0],"2":[0,0],"3":[0,0],"4":[0,0],"5":[1,1,1],"6":[2,0],"7":[2,2]},"inputSourceMap":{"version":3,"file":"/home/andrewerk/andrewerk-xp-app/src/controllers/portfolioController.ts","sources":["/home/andrewerk/andrewerk-xp-app/src/controllers/portfolioController.ts"],"names":[],"mappings":";;;;;;;;;;;;;;AACA,0GAAkF;AAClF,iFAAuD;AAEvD,MAAM,mBAAmB,GAAG,CAAO,GAAY,EAAE,GAAa,EAAqB,EAAE;IACnF,MAAM,EAAE,EAAE,EAAE,GAAG,GAAG,CAAC,MAAM,CAAC,IAAI,CAAC;IAC/B,MAAM,MAAM,GAAG,MAAM,qCAA2B,CAAC,mBAAmB,CAAC,EAAE,CAAC,CAAC;IACzE,OAAO,GAAG,CAAC,MAAM,CAAC,0BAAc,CAAC,EAAE,CAAC,CAAC,IAAI,CAAC,MAAM,CAAC,CAAC;AACpD,CAAC,CAAA,CAAC;AAEF,MAAM,yBAAyB,GAAG,CAAO,GAAY,EAAE,GAAa,EAAqB,EAAE;IACzF,MAAM,EAAE,EAAE,EAAE,GAAG,GAAG,CAAC,MAAM,CAAC,IAAI,CAAC;IAC/B,MAAM,EAAE,KAAK,EAAE,GAAG,GAAG,CAAC,MAAM,CAAC;IAC7B,MAAM,MAAM,GAAG,MAAM,qCAA2B;SAC7C,yBAAyB,CAAC,EAAE,EAAE,KAAK,CAAC,WAAW,EAAE,CAAC,CAAC;IACtD,OAAO,GAAG,CAAC,MAAM,CAAC,0BAAc,CAAC,EAAE,CAAC,CAAC,IAAI,CAAC,MAAM,CAAC,CAAC;AACpD,CAAC,CAAA,CAAC;AAEF,kBAAe;IACb,yBAAyB;IACzB,mBAAmB;CACpB,CAAC","sourcesContent":["import { Request, Response } from 'express';\nimport investmentsPortfolioService from '../services/investmentsPortfolioService';\nimport HttpStatusCode from '../utils/http.status.code';\n\nconst getAssetsByCustomer = async (req: Request, res: Response): Promise<Response> => {\n  const { id } = res.locals.user;\n  const assets = await investmentsPortfolioService.getAssetsByCustomer(id);\n  return res.status(HttpStatusCode.OK).json(assets);\n};\n\nconst getAssetByCustomerHistory = async (req: Request, res: Response): Promise<Response> => {\n  const { id } = res.locals.user;\n  const { asset } = req.params;\n  const assets = await investmentsPortfolioService\n    .getAssetByCustomerHistory(id, asset.toUpperCase());\n  return res.status(HttpStatusCode.OK).json(assets);\n};\n\nexport default {\n  getAssetByCustomerHistory,\n  getAssetsByCustomer,\n};\n"]},"_coverageSchema":"1a1c01bbd47fc00a2c39e90264f33305004495a9","hash":"e2d5ba8dcf88054df157536b15508c2fa281d06c"},"/home/andrewerk/andrewerk-xp-app/src/middlewares/http.error.middleware.ts":{"path":"/home/andrewerk/andrewerk-xp-app/src/middlewares/http.error.middleware.ts","statementMap":{"0":{"start":{"line":2,"column":0},"end":{"line":2,"column":62}},"1":{"start":{"line":4,"column":28},"end":{"line":7,"column":1}},"2":{"start":{"line":5,"column":32},"end":{"line":5,"column":35}},"3":{"start":{"line":6,"column":4},"end":{"line":6,"column":48}},"4":{"start":{"line":8,"column":0},"end":{"line":8,"column":38}}},"fnMap":{"0":{"name":"(anonymous_0)","decl":{"start":{"line":4,"column":28},"end":{"line":4,"column":29}},"loc":{"start":{"line":4,"column":54},"end":{"line":7,"column":1}},"line":4}},"branchMap":{"0":{"loc":{"start":{"line":6,"column":15},"end":{"line":6,"column":28}},"type":"binary-expr","locations":[{"start":{"line":6,"column":15},"end":{"line":6,"column":21}},{"start":{"line":6,"column":25},"end":{"line":6,"column":28}}],"line":6}},"s":{"0":1,"1":1,"2":9,"3":9,"4":1},"f":{"0":9},"b":{"0":[9,0]},"inputSourceMap":{"version":3,"file":"/home/andrewerk/andrewerk-xp-app/src/middlewares/http.error.middleware.ts","sources":["/home/andrewerk/andrewerk-xp-app/src/middlewares/http.error.middleware.ts"],"names":[],"mappings":";;AAGA,6DAA6D;AAC7D,MAAM,mBAAmB,GAAG,CAAC,GAAU,EAAE,GAAY,EAAE,GAAa,EAAE,KAAmB,EAAE,EAAE;IAC3F,MAAM,EAAE,MAAM,EAAE,OAAO,EAAE,GAAG,GAAoB,CAAC;IACjD,GAAG,CAAC,MAAM,CAAC,MAAM,IAAI,GAAG,CAAC,CAAC,IAAI,CAAC,EAAE,OAAO,EAAE,CAAC,CAAC;AAC9C,CAAC,CAAC;AAEF,kBAAe,mBAAmB,CAAC","sourcesContent":["import { NextFunction, Request, Response } from 'express';\nimport HttpException from '../utils/http.exception';\n\n// eslint-disable-next-line @typescript-eslint/no-unused-vars\nconst httpErrorMiddleware = (err: Error, req: Request, res: Response, _next: NextFunction) => {\n  const { status, message } = err as HttpException;\n  res.status(status || 500).json({ message });\n};\n\nexport default httpErrorMiddleware;\n"]},"_coverageSchema":"1a1c01bbd47fc00a2c39e90264f33305004495a9","hash":"b61d21cf06ce5f03686358444b5d89b67f32af43"}}