TN:
SF:src/app.ts
FN:18,(anonymous_1)
FNF:1
FNH:1
FNDA:1,(anonymous_1)
DA:1,1
DA:2,1
DA:3,1
DA:4,1
DA:5,1
DA:7,1
DA:9,1
DA:11,1
DA:13,1
DA:15,1
DA:17,1
DA:18,1
DA:20,1
DA:23,1
LF:14
LH:14
BRDA:17,0,0,1
BRDA:17,0,1,1
BRF:2
BRH:2
end_of_record
TN:
SF:src/controllers/accountController.ts
FN:5,(anonymous_8)
FN:5,(anonymous_9)
FN:12,(anonymous_10)
FN:12,(anonymous_11)
FN:19,(anonymous_12)
FN:19,(anonymous_13)
FNF:6
FNH:6
FNDA:1,(anonymous_8)
FNDA:1,(anonymous_9)
FNDA:1,(anonymous_10)
FNDA:1,(anonymous_11)
FNDA:1,(anonymous_12)
FNDA:1,(anonymous_13)
DA:2,1
DA:3,1
DA:5,1
DA:6,1
DA:7,1
DA:8,1
DA:9,1
DA:12,1
DA:13,1
DA:14,1
DA:15,1
DA:16,1
DA:19,1
DA:20,1
DA:21,1
DA:22,1
DA:25,1
LF:17
LH:17
BRF:0
BRH:0
end_of_record
TN:
SF:src/controllers/loginController.ts
FN:6,(anonymous_8)
FN:6,(anonymous_9)
FNF:2
FNH:2
FNDA:2,(anonymous_8)
FNDA:2,(anonymous_9)
DA:2,1
DA:3,1
DA:4,1
DA:6,2
DA:7,2
DA:8,1
DA:9,1
DA:12,1
LF:8
LH:8
BRF:0
BRH:0
end_of_record
TN:
SF:src/controllers/portfolioController.ts
FN:5,(anonymous_8)
FN:5,(anonymous_9)
FN:11,(anonymous_10)
FN:11,(anonymous_11)
FNF:4
FNH:4
FNDA:1,(anonymous_8)
FNDA:1,(anonymous_9)
FNDA:1,(anonymous_10)
FNDA:1,(anonymous_11)
DA:2,1
DA:3,1
DA:5,1
DA:6,1
DA:7,1
DA:8,1
DA:11,1
DA:12,1
DA:13,1
DA:14,1
DA:16,1
DA:19,1
LF:12
LH:12
BRF:0
BRH:0
end_of_record
TN:
SF:src/controllers/stocksController.ts
FN:5,(anonymous_8)
FN:5,(anonymous_9)
FN:10,(anonymous_10)
FN:10,(anonymous_11)
FNF:4
FNH:4
FNDA:1,(anonymous_8)
FNDA:1,(anonymous_9)
FNDA:1,(anonymous_10)
FNDA:1,(anonymous_11)
DA:2,1
DA:3,1
DA:5,1
DA:6,1
DA:7,1
DA:10,1
DA:11,1
DA:12,1
DA:13,1
DA:16,1
LF:10
LH:10
BRF:0
BRH:0
end_of_record
TN:
SF:src/controllers/tradeController.ts
FN:5,(anonymous_8)
FN:5,(anonymous_9)
FN:12,(anonymous_10)
FN:12,(anonymous_11)
FN:19,(anonymous_12)
FN:19,(anonymous_13)
FN:25,(anonymous_14)
FN:25,(anonymous_15)
FNF:8
FNH:8
FNDA:1,(anonymous_8)
FNDA:1,(anonymous_9)
FNDA:1,(anonymous_10)
FNDA:1,(anonymous_11)
FNDA:1,(anonymous_12)
FNDA:1,(anonymous_13)
FNDA:1,(anonymous_14)
FNDA:1,(anonymous_15)
DA:2,1
DA:3,1
DA:5,1
DA:6,1
DA:7,1
DA:8,1
DA:9,1
DA:12,1
DA:13,1
DA:14,1
DA:15,1
DA:16,1
DA:19,1
DA:20,1
DA:21,1
DA:22,1
DA:25,1
DA:26,1
DA:27,1
DA:28,1
DA:29,1
DA:32,1
LF:22
LH:22
BRF:0
BRH:0
end_of_record
TN:
SF:src/controllers/userController.ts
FN:6,(anonymous_8)
FN:6,(anonymous_9)
FNF:2
FNH:2
FNDA:18,(anonymous_8)
FNDA:18,(anonymous_9)
DA:2,1
DA:3,1
DA:4,1
DA:6,18
DA:7,18
DA:8,18
DA:9,18
DA:12,1
LF:8
LH:8
BRF:0
BRH:0
end_of_record
TN:
SF:src/db/config.ts
FNF:0
FNH:0
DA:1,1
DA:2,1
DA:3,1
DA:4,1
DA:5,1
DA:7,1
DA:17,1
DA:19,1
LF:8
LH:8
BRF:0
BRH:0
end_of_record
TN:
SF:src/interfaces/Account.ts
FNF:0
FNH:0
LF:0
LH:0
BRF:0
BRH:0
end_of_record
TN:
SF:src/interfaces/Portfolio.ts
FNF:0
FNH:0
LF:0
LH:0
BRF:0
BRH:0
end_of_record
TN:
SF:src/interfaces/Stock.ts
FNF:0
FNH:0
LF:0
LH:0
BRF:0
BRH:0
end_of_record
TN:
SF:src/interfaces/Trade.ts
FNF:0
FNH:0
LF:0
LH:0
BRF:0
BRH:0
end_of_record
TN:
SF:src/interfaces/User.ts
FNF:0
FNH:0
LF:0
LH:0
BRF:0
BRH:0
end_of_record
TN:
SF:src/middlewares/account.middleware.ts
FN:15,(anonymous_1)
FN:22,(anonymous_2)
FNF:2
FNH:2
FNDA:4,(anonymous_1)
FNDA:2,(anonymous_2)
DA:2,1
DA:3,1
DA:4,1
DA:6,1
DA:15,1
DA:16,4
DA:17,4
DA:18,2
DA:20,2
DA:21,2
DA:22,2
DA:23,2
DA:26,1
LF:13
LH:13
BRDA:17,0,0,2
BRDA:17,0,1,2
BRDA:21,1,0,1
BRDA:21,1,1,1
BRF:4
BRH:4
end_of_record
TN:
SF:src/middlewares/auth.middleware.ts
FN:8,(anonymous_1)
FN:20,(anonymous_2)
FNF:2
FNH:2
FNDA:17,(anonymous_1)
FNDA:17,(anonymous_2)
DA:2,1
DA:3,1
DA:4,1
DA:6,1
DA:8,1
DA:9,17
DA:10,1
DA:12,16
DA:13,16
DA:14,15
DA:16,1
DA:20,1
DA:21,17
DA:22,17
DA:23,15
DA:24,15
DA:27,1
LF:17
LH:17
BRDA:6,0,0,1
BRDA:6,0,1,1
BRDA:9,1,0,1
BRDA:9,1,1,16
BRDA:21,2,0,17
BRDA:21,2,1,1
BRF:6
BRH:6
end_of_record
TN:
SF:src/middlewares/http.error.middleware.ts
FN:5,(anonymous_0)
FNF:1
FNH:1
FNDA:14,(anonymous_0)
DA:5,1
DA:6,14
DA:7,14
DA:10,1
LF:4
LH:4
BRDA:7,0,0,14
BRDA:7,0,1,0
BRF:2
BRH:1
end_of_record
TN:
SF:src/middlewares/login.middleware.ts
FN:15,(anonymous_1)
FN:22,(anonymous_2)
FNF:2
FNH:2
FNDA:5,(anonymous_1)
FNDA:4,(anonymous_2)
DA:2,1
DA:3,1
DA:4,1
DA:6,1
DA:15,1
DA:16,5
DA:17,5
DA:18,2
DA:20,3
DA:21,3
DA:22,4
DA:23,3
DA:26,1
LF:13
LH:13
BRDA:17,0,0,2
BRDA:17,0,1,3
BRDA:21,1,0,2
BRDA:21,1,1,1
BRF:4
BRH:4
end_of_record
TN:
SF:src/middlewares/trade.middleware.ts
FN:17,(anonymous_1)
FN:24,(anonymous_2)
FNF:2
FNH:2
FNDA:4,(anonymous_1)
FNDA:3,(anonymous_2)
DA:2,1
DA:3,1
DA:4,1
DA:6,1
DA:17,1
DA:18,4
DA:19,4
DA:20,2
DA:22,2
DA:23,2
DA:24,3
DA:25,2
DA:28,1
LF:13
LH:13
BRDA:19,0,0,2
BRDA:19,0,1,2
BRDA:23,1,0,1
BRDA:23,1,1,1
BRF:4
BRH:4
end_of_record
TN:
SF:src/middlewares/user.validations.ts
FN:17,(anonymous_1)
FN:24,(anonymous_2)
FNF:2
FNH:2
FNDA:21,(anonymous_1)
FNDA:5,(anonymous_2)
DA:2,1
DA:3,1
DA:4,1
DA:6,1
DA:17,1
DA:18,21
DA:19,21
DA:20,18
DA:22,3
DA:23,3
DA:24,5
DA:25,3
DA:28,1
LF:13
LH:13
BRDA:19,0,0,18
BRDA:19,0,1,3
BRDA:23,1,0,2
BRDA:23,1,1,1
BRF:4
BRH:4
end_of_record
TN:
SF:src/models/InvestmentsPortfolioModel.ts
FN:21,(anonymous_3)
FN:28,(anonymous_4)
FN:31,(anonymous_5)
FN:38,(anonymous_6)
FN:47,(anonymous_7)
FN:11,(anonymous_8)
FNF:6
FNH:6
FNDA:6,(anonymous_3)
FNDA:3,(anonymous_4)
FNDA:2,(anonymous_5)
FNDA:3,(anonymous_6)
FNDA:3,(anonymous_7)
FNDA:1,(anonymous_8)
DA:2,1
DA:5,1
DA:6,1
DA:9,1
DA:11,1
DA:20,1
DA:21,6
DA:26,1
DA:28,3
DA:29,1
DA:31,2
DA:36,1
DA:38,3
DA:39,1
DA:45,1
DA:47,3
DA:48,1
LF:17
LH:17
BRF:0
BRH:0
end_of_record
TN:
SF:src/models/StockModel.ts
FN:26,(anonymous_3)
FNF:1
FNH:1
FNDA:2,(anonymous_3)
DA:2,1
DA:6,1
DA:12,1
DA:18,1
DA:24,1
DA:26,2
DA:27,1
LF:7
LH:7
BRF:0
BRH:0
end_of_record
TN:
SF:src/models/TradeModel.ts
FN:13,(anonymous_3)
FN:20,(anonymous_4)
FNF:2
FNH:2
FNDA:2,(anonymous_3)
FNDA:2,(anonymous_4)
DA:2,1
DA:6,1
DA:12,1
DA:13,2
DA:18,1
DA:20,2
DA:21,1
DA:27,1
DA:33,1
DA:39,1
LF:10
LH:10
BRF:0
BRH:0
end_of_record
TN:
SF:src/models/UserModel.ts
FN:44,(anonymous_10)
FN:40,(anonymous_12)
FNF:2
FNH:2
FNDA:1,(anonymous_10)
FNDA:2,(anonymous_12)
DA:2,1
DA:5,1
DA:7,1
DA:13,1
DA:18,1
DA:25,1
DA:31,1
DA:38,1
DA:40,2
DA:41,1
DA:44,1
DA:45,1
DA:47,1
DA:48,1
LF:14
LH:14
BRF:0
BRH:0
end_of_record
TN:
SF:src/routes/accountRoutes.ts
FNF:0
FNH:0
DA:1,1
DA:2,1
DA:3,1
DA:4,1
DA:6,1
DA:7,1
DA:8,1
DA:9,1
DA:11,1
LF:9
LH:9
BRF:0
BRH:0
end_of_record
TN:
SF:src/routes/index.ts
FNF:0
FNH:0
DA:1,1
DA:2,1
DA:3,1
DA:4,1
DA:5,1
DA:6,1
DA:7,1
DA:8,1
DA:10,1
DA:12,1
DA:13,1
DA:14,1
DA:15,1
DA:16,1
DA:17,1
DA:19,1
LF:16
LH:16
BRF:0
BRH:0
end_of_record
TN:
SF:src/routes/loginRoute.ts
FNF:0
FNH:0
DA:1,1
DA:2,1
DA:3,1
DA:4,1
DA:6,1
DA:8,1
DA:10,1
LF:7
LH:7
BRF:0
BRH:0
end_of_record
TN:
SF:src/routes/portfolioRoutes.ts
FNF:0
FNH:0
DA:1,1
DA:2,1
DA:3,1
DA:5,1
DA:7,1
DA:8,1
DA:10,1
LF:7
LH:7
BRF:0
BRH:0
end_of_record
TN:
SF:src/routes/stocksRoutes.ts
FNF:0
FNH:0
DA:1,1
DA:2,1
DA:3,1
DA:5,1
DA:7,1
DA:8,1
DA:10,1
LF:7
LH:7
BRF:0
BRH:0
end_of_record
TN:
SF:src/routes/tradeRoutes.ts
FNF:0
FNH:0
DA:1,1
DA:2,1
DA:3,1
DA:4,1
DA:6,1
DA:8,1
DA:9,1
DA:10,1
DA:11,1
DA:13,1
LF:10
LH:10
BRF:0
BRH:0
end_of_record
TN:
SF:src/routes/userRoutes.ts
FNF:0
FNH:0
DA:1,1
DA:2,1
DA:3,1
DA:4,1
DA:6,1
DA:8,1
DA:10,1
LF:7
LH:7
BRF:0
BRH:0
end_of_record
TN:
SF:src/services/accountService.ts
FN:8,(anonymous_8)
FN:12,(anonymous_9)
FN:20,(anonymous_10)
FN:24,(anonymous_11)
FN:41,(anonymous_12)
FN:41,(anonymous_13)
FNF:6
FNH:6
FNDA:1,(anonymous_8)
FNDA:1,(anonymous_9)
FNDA:2,(anonymous_10)
FNDA:2,(anonymous_11)
FNDA:1,(anonymous_12)
FNDA:1,(anonymous_13)
DA:2,1
DA:3,1
DA:4,1
DA:8,1
DA:12,1
DA:13,1
DA:14,1
DA:17,1
DA:20,1
DA:24,2
DA:25,2
DA:26,2
DA:27,1
DA:36,1
DA:38,1
DA:41,1
DA:42,1
DA:43,1
DA:44,1
DA:47,1
LF:20
LH:20
BRDA:26,0,0,1
BRDA:26,0,1,1
BRF:2
BRH:2
end_of_record
TN:
SF:src/services/investmentsPortfolioService.ts
FN:8,(anonymous_8)
FN:13,(anonymous_9)
FN:35,(anonymous_10)
FN:40,(anonymous_11)
FN:62,(anonymous_12)
FN:62,(anonymous_13)
FN:68,(anonymous_14)
FN:71,(anonymous_15)
FNF:8
FNH:8
FNDA:2,(anonymous_8)
FNDA:2,(anonymous_9)
FNDA:3,(anonymous_10)
FNDA:3,(anonymous_11)
FNDA:1,(anonymous_12)
FNDA:1,(anonymous_13)
FNDA:1,(anonymous_14)
FNDA:1,(anonymous_15)
DA:2,1
DA:3,1
DA:4,1
DA:6,1
DA:8,1
DA:13,2
DA:14,2
DA:20,2
DA:21,1
DA:30,1
DA:32,1
DA:35,1
DA:40,3
DA:41,3
DA:44,3
DA:45,1
DA:47,2
DA:48,1
DA:57,1
DA:59,1
DA:62,1
DA:63,1
DA:64,1
DA:65,1
DA:68,1
DA:71,1
DA:72,1
DA:75,1
DA:76,1
DA:79,1
LF:30
LH:30
BRDA:20,0,0,1
BRDA:20,0,1,1
BRDA:44,1,0,1
BRDA:44,1,1,2
BRDA:47,2,0,1
BRDA:47,2,1,1
BRF:6
BRH:6
end_of_record
TN:
SF:src/services/loginService.ts
FN:7,(anonymous_8)
FN:7,(anonymous_9)
FNF:2
FNH:2
FNDA:3,(anonymous_8)
FNDA:3,(anonymous_9)
DA:1,1
DA:2,1
DA:4,1
DA:5,1
DA:7,3
DA:8,3
DA:9,3
DA:14,3
DA:15,1
DA:17,2
DA:18,1
DA:20,1
DA:23,1
LF:13
LH:13
BRDA:14,0,0,1
BRDA:14,0,1,2
BRDA:17,1,0,1
BRDA:17,1,1,1
BRF:4
BRH:4
end_of_record
TN:
SF:src/services/stockApiService.ts
FN:10,(anonymous_8)
FN:10,(anonymous_9)
FN:23,(anonymous_10)
FN:23,(anonymous_11)
FN:24,(anonymous_12)
FNF:5
FNH:5
FNDA:23,(anonymous_8)
FNDA:23,(anonymous_9)
FNDA:1,(anonymous_10)
FNDA:1,(anonymous_11)
FNDA:20,(anonymous_12)
DA:1,1
DA:3,1
DA:4,1
DA:5,1
DA:6,1
DA:8,1
DA:10,23
DA:11,23
DA:12,23
DA:13,23
DA:14,1
DA:16,22
DA:17,1
DA:19,21
DA:20,21
DA:23,1
DA:24,20
DA:25,1
DA:28,1
LF:19
LH:19
BRDA:13,0,0,1
BRDA:13,0,1,22
BRDA:16,1,0,1
BRDA:16,1,1,21
BRF:4
BRH:4
end_of_record
TN:
SF:src/services/stockService.ts
FN:10,(anonymous_8)
FN:10,(anonymous_9)
FN:20,(anonymous_10)
FN:24,(anonymous_11)
FN:41,(anonymous_12)
FN:45,(anonymous_13)
FNF:6
FNH:6
FNDA:20,(anonymous_8)
FNDA:20,(anonymous_9)
FNDA:2,(anonymous_10)
FNDA:2,(anonymous_11)
FNDA:1,(anonymous_12)
FNDA:1,(anonymous_13)
DA:2,1
DA:3,1
DA:4,1
DA:5,1
DA:10,20
DA:11,20
DA:12,20
DA:17,20
DA:20,1
DA:24,2
DA:25,2
DA:26,2
DA:27,1
DA:36,1
DA:38,1
DA:41,1
DA:45,1
DA:46,1
DA:47,1
DA:56,1
DA:59,1
LF:21
LH:21
BRDA:26,0,0,1
BRDA:26,0,1,1
BRF:2
BRH:2
end_of_record
TN:
SF:src/services/tradeService.ts
FN:11,(anonymous_8)
FN:11,(anonymous_9)
FN:14,(anonymous_10)
FN:14,(anonymous_11)
FN:28,(anonymous_12)
FN:28,(anonymous_13)
FN:31,(anonymous_14)
FN:31,(anonymous_15)
FN:45,(anonymous_16)
FN:45,(anonymous_17)
FN:54,(anonymous_18)
FN:55,(anonymous_19)
FNF:12
FNH:12
FNDA:1,(anonymous_8)
FNDA:1,(anonymous_9)
FNDA:1,(anonymous_10)
FNDA:1,(anonymous_11)
FNDA:1,(anonymous_12)
FNDA:1,(anonymous_13)
FNDA:1,(anonymous_14)
FNDA:1,(anonymous_15)
FNDA:1,(anonymous_16)
FNDA:1,(anonymous_17)
FNDA:1,(anonymous_18)
FNDA:1,(anonymous_19)
DA:2,1
DA:3,1
DA:4,1
DA:5,1
DA:6,1
DA:7,1
DA:9,1
DA:11,1
DA:12,1
DA:13,1
DA:14,1
DA:15,1
DA:16,1
DA:17,1
DA:18,1
DA:20,1
DA:22,1
DA:25,1
DA:28,1
DA:29,1
DA:30,1
DA:31,1
DA:32,1
DA:33,1
DA:34,1
DA:35,1
DA:37,1
DA:39,1
DA:42,1
DA:45,1
DA:46,1
DA:51,1
DA:54,1
DA:55,1
DA:56,1
DA:68,1
DA:71,1
LF:37
LH:37
BRF:0
BRH:0
end_of_record
TN:
SF:src/services/userService.ts
FN:6,(anonymous_8)
FN:6,(anonymous_9)
FNF:2
FNH:2
FNDA:2,(anonymous_8)
FNDA:2,(anonymous_9)
DA:1,1
DA:3,1
DA:4,1
DA:6,2
DA:7,2
DA:8,2
DA:12,2
DA:13,1
DA:15,1
DA:18,1
LF:10
LH:10
BRDA:12,0,0,1
BRDA:12,0,1,1
BRF:2
BRH:2
end_of_record
TN:
SF:src/utils/generate.token.ts
FN:11,(anonymous_0)
FNF:1
FNH:1
FNDA:19,(anonymous_0)
DA:1,1
DA:4,1
DA:6,1
DA:11,19
DA:13,1
LF:5
LH:5
BRDA:4,0,0,1
BRDA:4,0,1,1
BRF:2
BRH:2
end_of_record
TN:
SF:src/utils/http.exception.ts
FN:2,(anonymous_0)
FNF:1
FNH:1
FNDA:22,(anonymous_0)
DA:1,1
DA:2,22
DA:3,22
LF:3
LH:3
BRF:0
BRH:0
end_of_record
TN:
SF:src/utils/http.status.code.ts
FN:1,(anonymous_0)
FNF:1
FNH:1
FNDA:1,(anonymous_0)
DA:1,1
DA:2,1
DA:3,1
DA:4,1
DA:5,1
DA:6,1
DA:7,1
DA:8,1
DA:9,1
DA:10,1
DA:13,1
LF:11
LH:11
BRDA:1,0,0,1
BRDA:1,0,1,1
BRF:2
BRH:2
end_of_record
TN:
SF:src/utils/insertValue.ts
FN:4,(anonymous_8)
FN:4,(anonymous_9)
FN:6,(anonymous_10)
FN:6,(anonymous_11)
FNF:4
FNH:4
FNDA:2,(anonymous_8)
FNDA:2,(anonymous_9)
FNDA:2,(anonymous_10)
FNDA:2,(anonymous_11)
DA:2,1
DA:4,2
DA:5,2
DA:6,2
DA:7,2
DA:8,2
DA:9,2
DA:10,1
DA:18,1
DA:23,2
DA:26,1
LF:11
LH:11
BRDA:9,0,0,1
BRDA:9,0,1,1
BRF:2
BRH:2
end_of_record
TN:
SF:src/utils/mainStocks.ts
FNF:0
FNH:0
DA:1,1
DA:3,1
LF:2
LH:2
BRF:0
BRH:0
end_of_record
TN:
SF:src/utils/randomQuantity.ts
FN:1,generateRandomQuantity
FNF:1
FNH:1
FNDA:20,generateRandomQuantity
DA:2,20
DA:4,1
LF:2
LH:2
BRF:0
BRH:0
end_of_record
