TN:
SF:src/app.ts
FN:18,(anonymous_1)
FNF:1
FNH:1
FNDA:1,(anonymous_1)
DA:1,1
DA:2,1
DA:3,1
DA:4,1
DA:5,1
DA:7,1
DA:9,1
DA:11,1
DA:13,1
DA:15,1
DA:17,1
DA:18,1
DA:20,1
DA:23,1
LF:14
LH:14
BRDA:17,0,0,1
BRDA:17,0,1,1
BRF:2
BRH:2
end_of_record
TN:
SF:src/controllers/accountController.ts
FN:5,(anonymous_8)
FN:5,(anonymous_9)
FN:12,(anonymous_10)
FN:12,(anonymous_11)
FN:19,(anonymous_12)
FN:19,(anonymous_13)
FNF:6
FNH:0
FNDA:0,(anonymous_8)
FNDA:0,(anonymous_9)
FNDA:0,(anonymous_10)
FNDA:0,(anonymous_11)
FNDA:0,(anonymous_12)
FNDA:0,(anonymous_13)
DA:2,1
DA:3,1
DA:5,1
DA:6,0
DA:7,0
DA:8,0
DA:9,0
DA:12,1
DA:13,0
DA:14,0
DA:15,0
DA:16,0
DA:19,1
DA:20,0
DA:21,0
DA:22,0
DA:25,1
LF:17
LH:6
BRF:0
BRH:0
end_of_record
TN:
SF:src/controllers/loginController.ts
FN:6,(anonymous_8)
FN:6,(anonymous_9)
FNF:2
FNH:2
FNDA:1,(anonymous_8)
FNDA:1,(anonymous_9)
DA:2,1
DA:3,1
DA:4,1
DA:6,1
DA:7,1
DA:8,0
DA:9,0
DA:12,1
LF:8
LH:6
BRF:0
BRH:0
end_of_record
TN:
SF:src/controllers/portfolioController.ts
FN:5,(anonymous_8)
FN:5,(anonymous_9)
FN:11,(anonymous_10)
FN:11,(anonymous_11)
FNF:4
FNH:0
FNDA:0,(anonymous_8)
FNDA:0,(anonymous_9)
FNDA:0,(anonymous_10)
FNDA:0,(anonymous_11)
DA:2,1
DA:3,1
DA:5,1
DA:6,0
DA:7,0
DA:8,0
DA:11,1
DA:12,0
DA:13,0
DA:14,0
DA:16,0
DA:19,1
LF:12
LH:5
BRF:0
BRH:0
end_of_record
TN:
SF:src/controllers/stocksController.ts
FN:5,(anonymous_8)
FN:5,(anonymous_9)
FN:10,(anonymous_10)
FN:10,(anonymous_11)
FNF:4
FNH:0
FNDA:0,(anonymous_8)
FNDA:0,(anonymous_9)
FNDA:0,(anonymous_10)
FNDA:0,(anonymous_11)
DA:2,1
DA:3,1
DA:5,1
DA:6,0
DA:7,0
DA:10,1
DA:11,0
DA:12,0
DA:13,0
DA:16,1
LF:10
LH:5
BRF:0
BRH:0
end_of_record
TN:
SF:src/controllers/tradeController.ts
FN:5,(anonymous_8)
FN:5,(anonymous_9)
FN:12,(anonymous_10)
FN:12,(anonymous_11)
FN:19,(anonymous_12)
FN:19,(anonymous_13)
FN:25,(anonymous_14)
FN:25,(anonymous_15)
FNF:8
FNH:0
FNDA:0,(anonymous_8)
FNDA:0,(anonymous_9)
FNDA:0,(anonymous_10)
FNDA:0,(anonymous_11)
FNDA:0,(anonymous_12)
FNDA:0,(anonymous_13)
FNDA:0,(anonymous_14)
FNDA:0,(anonymous_15)
DA:2,1
DA:3,1
DA:5,1
DA:6,0
DA:7,0
DA:8,0
DA:9,0
DA:12,1
DA:13,0
DA:14,0
DA:15,0
DA:16,0
DA:19,1
DA:20,0
DA:21,0
DA:22,0
DA:25,1
DA:26,0
DA:27,0
DA:28,0
DA:29,0
DA:32,1
LF:22
LH:7
BRF:0
BRH:0
end_of_record
TN:
SF:src/controllers/userController.ts
FN:6,(anonymous_8)
FN:6,(anonymous_9)
FNF:2
FNH:0
FNDA:0,(anonymous_8)
FNDA:0,(anonymous_9)
DA:2,1
DA:3,1
DA:4,1
DA:6,1
DA:7,0
DA:8,0
DA:9,0
DA:12,1
LF:8
LH:5
BRF:0
BRH:0
end_of_record
TN:
SF:src/db/config.ts
FNF:0
FNH:0
DA:1,1
DA:2,1
DA:3,1
DA:4,1
DA:5,1
DA:7,1
DA:17,1
DA:19,1
LF:8
LH:8
BRF:0
BRH:0
end_of_record
TN:
SF:src/interfaces/Account.ts
FNF:0
FNH:0
LF:0
LH:0
BRF:0
BRH:0
end_of_record
TN:
SF:src/interfaces/Portfolio.ts
FNF:0
FNH:0
LF:0
LH:0
BRF:0
BRH:0
end_of_record
TN:
SF:src/interfaces/Stock.ts
FNF:0
FNH:0
LF:0
LH:0
BRF:0
BRH:0
end_of_record
TN:
SF:src/interfaces/Trade.ts
FNF:0
FNH:0
LF:0
LH:0
BRF:0
BRH:0
end_of_record
TN:
SF:src/interfaces/User.ts
FNF:0
FNH:0
LF:0
LH:0
BRF:0
BRH:0
end_of_record
TN:
SF:src/middlewares/account.middleware.ts
FN:15,(anonymous_1)
FN:22,(anonymous_2)
FNF:2
FNH:0
FNDA:0,(anonymous_1)
FNDA:0,(anonymous_2)
DA:2,1
DA:3,1
DA:4,1
DA:6,1
DA:15,1
DA:16,0
DA:17,0
DA:18,0
DA:20,0
DA:21,0
DA:22,0
DA:23,0
DA:26,1
LF:13
LH:6
BRDA:17,0,0,0
BRDA:17,0,1,0
BRDA:21,1,0,0
BRDA:21,1,1,0
BRF:4
BRH:0
end_of_record
TN:
SF:src/middlewares/auth.middleware.ts
FN:8,(anonymous_1)
FN:20,(anonymous_2)
FNF:2
FNH:0
FNDA:0,(anonymous_1)
FNDA:0,(anonymous_2)
DA:2,1
DA:3,1
DA:4,1
DA:6,1
DA:8,1
DA:9,0
DA:10,0
DA:12,0
DA:13,0
DA:14,0
DA:16,0
DA:20,1
DA:21,0
DA:22,0
DA:23,0
DA:24,0
DA:27,1
LF:17
LH:7
BRDA:6,0,0,1
BRDA:6,0,1,1
BRDA:9,1,0,0
BRDA:9,1,1,0
BRDA:21,2,0,0
BRDA:21,2,1,0
BRF:6
BRH:2
end_of_record
TN:
SF:src/middlewares/http.error.middleware.ts
FN:5,(anonymous_0)
FNF:1
FNH:1
FNDA:3,(anonymous_0)
DA:5,1
DA:6,3
DA:7,3
DA:10,1
LF:4
LH:4
BRDA:7,0,0,3
BRDA:7,0,1,0
BRF:2
BRH:1
end_of_record
TN:
SF:src/middlewares/login.middleware.ts
FN:15,(anonymous_1)
FN:22,(anonymous_2)
FNF:2
FNH:2
FNDA:3,(anonymous_1)
FNDA:4,(anonymous_2)
DA:2,1
DA:3,1
DA:4,1
DA:6,1
DA:15,1
DA:16,3
DA:17,3
DA:18,1
DA:20,2
DA:21,2
DA:22,4
DA:23,2
DA:26,1
LF:13
LH:13
BRDA:17,0,0,1
BRDA:17,0,1,2
BRDA:21,1,0,1
BRDA:21,1,1,1
BRF:4
BRH:4
end_of_record
TN:
SF:src/middlewares/user.validations.ts
FN:17,(anonymous_1)
FN:24,(anonymous_2)
FNF:2
FNH:0
FNDA:0,(anonymous_1)
FNDA:0,(anonymous_2)
DA:2,1
DA:3,1
DA:4,1
DA:6,1
DA:17,1
DA:18,0
DA:19,0
DA:20,0
DA:22,0
DA:23,0
DA:24,0
DA:25,0
DA:28,1
LF:13
LH:6
BRDA:19,0,0,0
BRDA:19,0,1,0
BRDA:23,1,0,0
BRDA:23,1,1,0
BRF:4
BRH:0
end_of_record
TN:
SF:src/models/InvestmentsPortfolioModel.ts
FN:21,(anonymous_3)
FN:28,(anonymous_4)
FN:31,(anonymous_5)
FN:38,(anonymous_6)
FN:47,(anonymous_7)
FN:11,(anonymous_8)
FNF:6
FNH:6
FNDA:6,(anonymous_3)
FNDA:3,(anonymous_4)
FNDA:2,(anonymous_5)
FNDA:3,(anonymous_6)
FNDA:3,(anonymous_7)
FNDA:1,(anonymous_8)
DA:2,1
DA:5,1
DA:6,1
DA:9,1
DA:11,1
DA:20,1
DA:21,6
DA:26,1
DA:28,3
DA:29,1
DA:31,2
DA:36,1
DA:38,3
DA:39,1
DA:45,1
DA:47,3
DA:48,1
LF:17
LH:17
BRF:0
BRH:0
end_of_record
TN:
SF:src/models/StockModel.ts
FN:26,(anonymous_3)
FNF:1
FNH:1
FNDA:2,(anonymous_3)
DA:2,1
DA:6,1
DA:12,1
DA:18,1
DA:24,1
DA:26,2
DA:27,1
LF:7
LH:7
BRF:0
BRH:0
end_of_record
TN:
SF:src/models/TradeModel.ts
FN:13,(anonymous_3)
FN:20,(anonymous_4)
FNF:2
FNH:2
FNDA:2,(anonymous_3)
FNDA:2,(anonymous_4)
DA:2,1
DA:6,1
DA:12,1
DA:13,2
DA:18,1
DA:20,2
DA:21,1
DA:27,1
DA:33,1
DA:39,1
LF:10
LH:10
BRF:0
BRH:0
end_of_record
TN:
SF:src/models/UserModel.ts
FN:44,(anonymous_10)
FN:40,(anonymous_12)
FNF:2
FNH:1
FNDA:0,(anonymous_10)
FNDA:2,(anonymous_12)
DA:2,1
DA:5,1
DA:7,1
DA:13,1
DA:18,1
DA:25,1
DA:31,1
DA:38,1
DA:40,2
DA:41,1
DA:44,1
DA:45,0
DA:47,0
LF:13
LH:11
BRF:0
BRH:0
end_of_record
TN:
SF:src/routes/accountRoutes.ts
FNF:0
FNH:0
DA:1,1
DA:2,1
DA:3,1
DA:4,1
DA:6,1
DA:7,1
DA:8,1
DA:9,1
DA:11,1
LF:9
LH:9
BRF:0
BRH:0
end_of_record
TN:
SF:src/routes/index.ts
FNF:0
FNH:0
DA:1,1
DA:2,1
DA:3,1
DA:4,1
DA:5,1
DA:6,1
DA:7,1
DA:8,1
DA:10,1
DA:12,1
DA:13,1
DA:14,1
DA:15,1
DA:16,1
DA:17,1
DA:19,1
LF:16
LH:16
BRF:0
BRH:0
end_of_record
TN:
SF:src/routes/loginRoute.ts
FNF:0
FNH:0
DA:1,1
DA:2,1
DA:3,1
DA:4,1
DA:6,1
DA:8,1
DA:10,1
LF:7
LH:7
BRF:0
BRH:0
end_of_record
TN:
SF:src/routes/portfolioRoutes.ts
FNF:0
FNH:0
DA:1,1
DA:2,1
DA:3,1
DA:5,1
DA:7,1
DA:8,1
DA:10,1
LF:7
LH:7
BRF:0
BRH:0
end_of_record
TN:
SF:src/routes/stocksRoutes.ts
FNF:0
FNH:0
DA:1,1
DA:2,1
DA:3,1
DA:5,1
DA:7,1
DA:8,1
DA:10,1
LF:7
LH:7
BRF:0
BRH:0
end_of_record
TN:
SF:src/routes/tradeRoutes.ts
FNF:0
FNH:0
DA:1,1
DA:2,1
DA:3,1
DA:5,1
DA:7,1
DA:8,1
DA:9,1
DA:10,1
DA:12,1
LF:9
LH:9
BRF:0
BRH:0
end_of_record
TN:
SF:src/routes/userRoutes.ts
FNF:0
FNH:0
DA:1,1
DA:2,1
DA:3,1
DA:4,1
DA:6,1
DA:8,1
DA:10,1
LF:7
LH:7
BRF:0
BRH:0
end_of_record
TN:
SF:src/services/accountService.ts
FN:7,(anonymous_8)
FN:11,(anonymous_9)
FN:23,(anonymous_10)
FN:27,(anonymous_11)
FN:39,(anonymous_12)
FN:39,(anonymous_13)
FNF:6
FNH:0
FNDA:0,(anonymous_8)
FNDA:0,(anonymous_9)
FNDA:0,(anonymous_10)
FNDA:0,(anonymous_11)
FNDA:0,(anonymous_12)
FNDA:0,(anonymous_13)
DA:2,1
DA:3,1
DA:4,1
DA:7,1
DA:11,0
DA:12,0
DA:13,0
DA:14,0
DA:17,0
DA:18,0
DA:20,0
DA:23,1
DA:27,0
DA:28,0
DA:29,0
DA:30,0
DA:33,0
DA:34,0
DA:36,0
DA:39,1
DA:40,0
DA:41,0
DA:44,1
LF:23
LH:7
BRDA:13,0,0,0
BRDA:13,0,1,0
BRDA:29,1,0,0
BRDA:29,1,1,0
BRDA:29,2,0,0
BRDA:29,2,1,0
BRF:6
BRH:0
end_of_record
TN:
SF:src/services/investmentsPortfolioService.ts
FN:8,(anonymous_8)
FN:13,(anonymous_9)
FN:30,(anonymous_10)
FN:35,(anonymous_11)
FN:52,(anonymous_12)
FN:52,(anonymous_13)
FN:58,(anonymous_14)
FN:61,(anonymous_15)
FNF:8
FNH:0
FNDA:0,(anonymous_8)
FNDA:0,(anonymous_9)
FNDA:0,(anonymous_10)
FNDA:0,(anonymous_11)
FNDA:0,(anonymous_12)
FNDA:0,(anonymous_13)
FNDA:0,(anonymous_14)
FNDA:0,(anonymous_15)
DA:2,1
DA:3,1
DA:4,1
DA:6,1
DA:8,1
DA:13,0
DA:14,0
DA:20,0
DA:21,0
DA:24,0
DA:25,0
DA:27,0
DA:30,1
DA:35,0
DA:36,0
DA:39,0
DA:40,0
DA:42,0
DA:43,0
DA:46,0
DA:47,0
DA:49,0
DA:52,1
DA:53,0
DA:54,0
DA:55,0
DA:58,1
DA:61,0
DA:62,0
DA:65,0
DA:68,1
LF:31
LH:9
BRDA:20,0,0,0
BRDA:20,0,1,0
BRDA:39,1,0,0
BRDA:39,1,1,0
BRDA:42,2,0,0
BRDA:42,2,1,0
BRF:6
BRH:0
end_of_record
TN:
SF:src/services/loginService.ts
FN:7,(anonymous_8)
FN:7,(anonymous_9)
FNF:2
FNH:2
FNDA:1,(anonymous_8)
FNDA:1,(anonymous_9)
DA:1,1
DA:2,1
DA:4,1
DA:5,1
DA:7,1
DA:8,1
DA:9,1
DA:14,1
DA:15,1
DA:17,0
DA:18,0
DA:20,0
DA:23,1
LF:13
LH:10
BRDA:14,0,0,1
BRDA:14,0,1,0
BRDA:17,1,0,0
BRDA:17,1,1,0
BRF:4
BRH:1
end_of_record
TN:
SF:src/services/stockApiService.ts
FN:9,(anonymous_8)
FN:9,(anonymous_9)
FN:24,(anonymous_10)
FN:24,(anonymous_11)
FN:25,(anonymous_12)
FNF:5
FNH:0
FNDA:0,(anonymous_8)
FNDA:0,(anonymous_9)
FNDA:0,(anonymous_10)
FNDA:0,(anonymous_11)
FNDA:0,(anonymous_12)
DA:1,1
DA:3,1
DA:4,1
DA:5,1
DA:7,1
DA:9,1
DA:10,0
DA:11,0
DA:12,0
DA:13,0
DA:17,0
DA:18,0
DA:20,0
DA:21,0
DA:24,1
DA:25,0
DA:26,0
DA:29,1
LF:18
LH:8
BRDA:12,0,0,0
BRDA:12,0,1,0
BRDA:17,1,0,0
BRDA:17,1,1,0
BRF:4
BRH:0
end_of_record
TN:
SF:src/services/stockService.ts
FN:10,(anonymous_8)
FN:10,(anonymous_9)
FN:20,(anonymous_10)
FN:24,(anonymous_11)
FN:36,(anonymous_12)
FN:40,(anonymous_13)
FNF:6
FNH:0
FNDA:0,(anonymous_8)
FNDA:0,(anonymous_9)
FNDA:0,(anonymous_10)
FNDA:0,(anonymous_11)
FNDA:0,(anonymous_12)
FNDA:0,(anonymous_13)
DA:2,1
DA:3,1
DA:4,1
DA:5,1
DA:10,1
DA:11,0
DA:12,0
DA:17,0
DA:20,1
DA:24,0
DA:25,0
DA:26,0
DA:27,0
DA:30,0
DA:31,0
DA:33,0
DA:36,1
DA:40,0
DA:41,0
DA:42,0
DA:45,0
DA:48,1
LF:22
LH:8
BRDA:26,0,0,0
BRDA:26,0,1,0
BRF:2
BRH:0
end_of_record
TN:
SF:src/services/tradeService.ts
FN:12,(anonymous_8)
FN:12,(anonymous_9)
FN:15,(anonymous_10)
FN:15,(anonymous_11)
FN:29,(anonymous_12)
FN:29,(anonymous_13)
FN:32,(anonymous_14)
FN:32,(anonymous_15)
FN:46,(anonymous_16)
FN:46,(anonymous_17)
FN:55,(anonymous_18)
FN:55,(anonymous_19)
FNF:12
FNH:0
FNDA:0,(anonymous_8)
FNDA:0,(anonymous_9)
FNDA:0,(anonymous_10)
FNDA:0,(anonymous_11)
FNDA:0,(anonymous_12)
FNDA:0,(anonymous_13)
FNDA:0,(anonymous_14)
FNDA:0,(anonymous_15)
FNDA:0,(anonymous_16)
FNDA:0,(anonymous_17)
FNDA:0,(anonymous_18)
FNDA:0,(anonymous_19)
DA:2,1
DA:3,1
DA:4,1
DA:5,1
DA:6,1
DA:8,1
DA:10,1
DA:12,1
DA:13,0
DA:14,0
DA:15,0
DA:16,0
DA:17,0
DA:18,0
DA:19,0
DA:21,0
DA:23,0
DA:26,0
DA:29,1
DA:30,0
DA:31,0
DA:32,0
DA:33,0
DA:34,0
DA:35,0
DA:36,0
DA:38,0
DA:40,0
DA:43,0
DA:46,1
DA:47,0
DA:52,0
DA:55,1
DA:56,0
DA:68,0
DA:71,1
LF:36
LH:12
BRF:0
BRH:0
end_of_record
TN:
SF:src/services/userService.ts
FN:6,(anonymous_8)
FN:6,(anonymous_9)
FNF:2
FNH:0
FNDA:0,(anonymous_8)
FNDA:0,(anonymous_9)
DA:1,1
DA:3,1
DA:4,1
DA:6,1
DA:7,0
DA:8,0
DA:13,0
DA:14,0
DA:16,0
DA:17,0
DA:20,1
LF:11
LH:5
BRDA:13,0,0,0
BRDA:13,0,1,0
BRF:2
BRH:0
end_of_record
TN:
SF:src/tests/unit/controllers/login.controller.spec.ts
FN:5,(anonymous_8)
FN:6,(anonymous_9)
FN:6,(anonymous_10)
FN:12,(anonymous_11)
FN:12,(anonymous_12)
FN:18,(anonymous_13)
FN:18,(anonymous_14)
FNF:7
FNH:7
FNDA:1,(anonymous_8)
FNDA:1,(anonymous_9)
FNDA:1,(anonymous_10)
FNDA:1,(anonymous_11)
FNDA:1,(anonymous_12)
FNDA:1,(anonymous_13)
FNDA:1,(anonymous_14)
DA:1,1
DA:2,1
DA:3,1
DA:5,1
DA:6,1
DA:7,1
DA:10,1
DA:12,1
DA:13,1
DA:16,1
DA:18,1
DA:19,1
DA:22,1
LF:13
LH:13
BRF:0
BRH:0
end_of_record
TN:
SF:src/utils/apiErrors.ts
FN:7,(anonymous_1)
FN:12,(anonymous_2)
FNF:2
FNH:0
FNDA:0,(anonymous_1)
FNDA:0,(anonymous_2)
DA:1,1
DA:2,1
DA:4,1
DA:8,0
DA:9,0
DA:13,0
DA:14,0
LF:7
LH:3
BRF:0
BRH:0
end_of_record
TN:
SF:src/utils/generate.token.ts
FN:11,(anonymous_0)
FNF:1
FNH:0
FNDA:0,(anonymous_0)
DA:1,1
DA:4,1
DA:6,1
DA:11,1
DA:13,1
LF:5
LH:5
BRDA:4,0,0,1
BRDA:4,0,1,1
BRF:2
BRH:2
end_of_record
TN:
SF:src/utils/http.exception.ts
FN:2,(anonymous_0)
FNF:1
FNH:1
FNDA:3,(anonymous_0)
DA:1,1
DA:2,3
DA:3,3
LF:3
LH:3
BRF:0
BRH:0
end_of_record
TN:
SF:src/utils/http.status.code.ts
FN:1,(anonymous_0)
FNF:1
FNH:1
FNDA:1,(anonymous_0)
DA:1,1
DA:2,1
DA:3,1
DA:4,1
DA:5,1
DA:6,1
DA:7,1
DA:8,1
DA:9,1
DA:10,1
DA:13,1
LF:11
LH:11
BRDA:1,0,0,1
BRDA:1,0,1,1
BRF:2
BRH:2
end_of_record
TN:
SF:src/utils/insertValue.ts
FN:4,(anonymous_8)
FN:4,(anonymous_9)
FN:5,(anonymous_10)
FN:5,(anonymous_11)
FNF:4
FNH:0
FNDA:0,(anonymous_8)
FNDA:0,(anonymous_9)
FNDA:0,(anonymous_10)
FNDA:0,(anonymous_11)
DA:2,1
DA:4,1
DA:5,0
DA:6,0
DA:7,0
DA:8,0
DA:10,0
DA:11,0
DA:14,1
LF:9
LH:3
BRF:0
BRH:0
end_of_record
TN:
SF:src/utils/mainStocks.ts
FNF:0
FNH:0
DA:1,1
DA:3,1
LF:2
LH:2
BRF:0
BRH:0
end_of_record
TN:
SF:src/utils/randomQuantity.ts
FN:1,generateRandomQuantity
FNF:1
FNH:0
FNDA:0,generateRandomQuantity
DA:2,0
DA:4,1
LF:2
LH:1
BRF:0
BRH:0
end_of_record
